Beat	Tag	Timestamp	Global Rate	Window Rate	Instant Rate	Min Rate	Max Rate
0	-1	439183300	0.000000	0.000000	0.000000	0.000000	100.000000
1	0	440134600	2102.386208	1051.193115	1051.193104	0.000000	100.000000
2	0	440156900	3081.347576	2054.231689	44843.049327	0.000000	100.000000
3	0	440162000	4087.054256	3065.290527	196078.431373	0.000000	100.000000
4	1	440809300	3075.030750	2460.024658	1544.878727	0.000000	100.000000
5	1	440813900	3679.627131	3066.355957	217391.304348	0.000000	100.000000
6	1	440837100	4232.676261	3628.008057	43103.448276	0.000000	100.000000
7	2	441411200	3590.825441	3141.972168	1741.856819	0.000000	100.000000
8	2	441446600	3976.494499	3534.661865	28248.587571	0.000000	100.000000
9	2	441457000	4398.117606	3958.305908	96153.846154	0.000000	100.000000
10	3	441995900	3910.972054	3555.429199	1855.631843	0.000000	100.000000
11	3	442008900	4246.885617	3892.978271	76923.076923	0.000000	100.000000
12	3	442033600	4560.923412	4210.083008	40485.829960	0.000000	100.000000
13	4	442561900	4143.728171	3847.747559	1892.863903	0.000000	100.000000
14	4	442566300	4433.934378	4138.338867	227272.727273	0.000000	100.000000
15	4	442571100	4722.828975	4427.652344	208333.333333	0.000000	100.000000
16	5	443067100	4377.156393	4119.676758	2016.129032	0.000000	100.000000
17	5	443092800	4604.169331	4348.381836	38910.505837	0.000000	100.000000
18	5	443105100	4844.714162	4589.729004	81300.813008	0.000000	100.000000
19	6	443591900	4536.587579	4309.758301	2054.231717	0.000000	100.000000
20	6	443600800	4753.820034	4527.447754	112359.550562	0.000000	100.000000
21	6	443617500	4961.436110	4735.916504	59880.239521	0.000000	100.000000
22	7	444116300	4662.477194	4459.760742	2004.811548	0.000000	100.000000
23	7	444120800	4860.759494	4658.228027	222222.222222	0.000000	100.000000
24	7	444130000	5053.874300	4851.719238	108695.652174	0.000000	100.000000
25	8	444595100	4804.316494	4619.535156	2150.075253	0.000000	100.000000
26	8	444608800	4976.499862	4792.185059	72992.700730	0.000000	100.000000
27	8	444651800	5120.234068	4937.368652	23255.813953	0.000000	100.000000
28	9	445130700	4876.080304	4707.939453	2088.118605	0.000000	100.000000
29	9	445135300	5040.322581	4872.312012	217391.304348	0.000000	100.000000
30	9	445164400	5182.993095	5015.799805	34364.261168	0.000000	100.000000
31	10	445648000	4949.959008	5441.288574	2067.824648	0.000000	100.000000
32	10	445665600	5090.785678	5445.931152	56818.181818	0.000000	100.000000
33	10	445670100	5241.413332	5446.524414	222222.222222	0.000000	100.000000
34	11	446166800	5011.813561	5599.626953	2013.287699	0.000000	100.000000
35	11	446174800	5149.109633	5596.075195	125000.000000	0.000000	100.000000
36	11	446188800	5281.564485	5605.695312	71428.571429	0.000000	100.000000
37	12	446676700	5071.129260	5697.464355	2049.600328	0.000000	100.000000
38	12	446690600	5194.943588	5720.823730	71942.446043	0.000000	100.000000
39	12	446695100	5324.955403	5727.267578	222222.222222	0.000000	100.000000
40	13	447185800	5123.398938	5780.458008	2037.905034	0.000000	100.000000
41	13	447190300	5245.410266	5789.940918	222222.222222	0.000000	100.000000
42	13	447195000	5367.150542	5812.376465	212765.957447	0.000000	100.000000
43	14	447671300	5183.788878	5871.531250	2099.517111	0.000000	100.000000
44	14	447688200	5291.067502	5857.201660	59171.597633	0.000000	100.000000
45	14	447706500	5397.033978	5841.803711	54644.808743	0.000000	100.000000
46	15	448210100	5206.717774	5833.171387	1985.702939	0.000000	100.000000
47	15	448213500	5315.496888	5858.574219	294117.647059	0.000000	100.000000
48	15	448218300	5423.353625	5867.167480	208333.333333	0.000000	100.000000
49	16	448711300	5247.691016	5860.061523	2028.397566	0.000000	100.000000
50	16	448722200	5346.528426	5857.773438	91743.119266	0.000000	100.000000
51	16	448748500	5436.373521	5846.813477	38022.813688	0.000000	100.000000
52	17	449251800	5263.941997	5841.690430	1986.886549	0.000000	100.000000
53	17	449268400	5354.433769	5827.958496	60240.963855	0.000000	100.000000
54	17	449272900	5451.157628	5833.284668	222222.222222	0.000000	100.000000
55	18	449765000	5292.155325	5802.820312	2032.107295	0.000000	100.000000
56	18	449774300	5381.928052	5807.763184	107526.881720	0.000000	100.000000
57	18	449782000	5472.369253	5847.725098	129870.129870	0.000000	100.000000
58	19	450270200	5321.595757	5837.143555	2048.340844	0.000000	100.000000
59	19	450273700	5410.084397	5838.393066	285714.285714	0.000000	100.000000
60	19	450286200	5494.060110	5857.315430	80000.000000	0.000000	100.000000
61	20	450778400	5347.086269	5847.497559	2031.694433	0.000000	100.000000
62	20	450797800	5424.254165	5845.446777	51546.391753	0.000000	100.000000
63	20	450802300	5508.219296	5845.446777	222222.222222	0.000000	100.000000
64	21	451279000	5373.810528	5868.314941	2097.755402	0.000000	100.000000
65	21	451297000	5448.376631	5856.858398	55555.555556	0.000000	100.000000
66	21	451306700	5526.502466	5861.779297	103092.783505	0.000000	100.000000
67	22	451785200	5396.011713	5872.565430	2089.864159	0.000000	100.000000
68	22	451799500	5469.158701	5872.105469	69930.069930	0.000000	100.000000
69	22	451828000	5535.916234	5844.648926	35087.719298	0.000000	100.000000
70	23	452305100	5410.843025	5860.176270	2095.996646	0.000000	100.000000
71	23	452323900	5479.201863	5843.852051	53191.489362	0.000000	100.000000
72	23	452328400	5553.400126	5844.080078	222222.222222	0.000000	100.000000
73	24	452815200	5428.443577	5832.150879	2054.231717	0.000000	100.000000
74	24	452822000	5499.057828	5843.624512	147058.823529	0.000000	100.000000
75	24	452833900	5567.520842	5850.918945	84033.613445	0.000000	100.000000
76	25	453316900	5448.010415	5874.520020	2070.393375	0.000000	100.000000
77	25	453322500	5516.578024	5871.990723	178571.428571	0.000000	100.000000
78	25	453326900	5585.565203	5872.450195	227272.727273	0.000000	100.000000
79	26	453792200	5476.113876	5904.465820	2149.151085	0.000000	100.000000
80	26	453810300	5537.704246	5896.110840	55248.618785	0.000000	100.000000
81	26	453814800	5604.346786	5921.480957	222222.222222	0.000000	100.000000
82	27	454299200	5490.906926	5943.653809	2064.409579	0.000000	100.000000
83	27	454303600	5555.445328	5958.055176	227272.727273	0.000000	100.000000
84	27	454310000	5619.203131	5955.808105	156250.000000	0.000000	100.000000
85	28	454800000	5506.925279	5958.291992	2040.816327	0.000000	100.000000
86	28	454813400	5566.183198	5953.443848	74626.865672	0.000000	100.000000
87	28	454817900	5628.541824	5957.227051	222222.222222	0.000000	100.000000
88	29	455297700	5523.010475	5967.180664	2084.201751	0.000000	100.000000
89	29	455304200	5582.814855	5963.622070	153846.153846	0.000000	100.000000
90	29	455332000	5635.128524	5945.539062	35971.223022	0.000000	100.000000
91	30	455802000	5535.932413	5971.812988	2127.659574	0.000000	100.000000
92	30	455806100	5594.725317	5990.056641	243902.439024	0.000000	100.000000
93	30	455818000	5650.838308	5981.218750	84033.613445	0.000000	100.000000
94	31	456314700	5545.372824	5957.463379	2013.287699	0.000000	100.000000
95	31	456318900	5602.371671	5973.834473	238095.238095	0.000000	100.000000
96	31	456323600	5659.177494	5979.788086	212765.957447	0.000000	100.000000
