                                     | Core 0     | Core 1     | Core 2     | Core 3     | Core 4     | Core 5     | Core 6     | Core 7     | Core 8     | Core 9     | Core 10    | Core 11    | Core 12    | Core 13    | Core 14    | Core 15   
  Instructions                       |    2418474 |  357797735 |  357692487 |          0 |          0 |          0 |          0 |          0 |          0 |          0 |          0 |          0 |          0 |          0 |          0 |          0
  Cycles                             |  226056000 |  226056000 |  226056000 |  226056000 |  226056000 |  226056000 |  226056000 |  226056000 |  226056000 |  226056000 |  226056000 |  226056000 |  226056000 |  226056000 |  226056000 |  226056000
  IPC                                |       0.01 |       1.58 |       1.58 |       0.00 |       0.00 |       0.00 |       0.00 |       0.00 |       0.00 |       0.00 |       0.00 |       0.00 |       0.00 |       0.00 |       0.00 |       0.00
  Time (ns)                          |   56514000 |   56514000 |   56514000 |   56514000 |   56514000 |   56514000 |   56514000 |   56514000 |   56514000 |   56514000 |   56514000 |   56514000 |   56514000 |   56514000 |   56514000 |   56514000
  Idle time (ns)                     |   55629663 |     884900 |     913514 |   56514000 |   56514000 |   56514000 |   56514000 |   56514000 |   56514000 |   56514000 |   56514000 |   56514000 |   56514000 |   56514000 |   56514000 |   56514000
  Idle time (%)                      |      98.4% |       1.6% |       1.6% |     100.0% |     100.0% |     100.0% |     100.0% |     100.0% |     100.0% |     100.0% |     100.0% |     100.0% |     100.0% |     100.0% |     100.0% |     100.0%
Branch predictor stats               |            |            |            |            |            |            |            |            |            |            |            |            |            |            |            |           
  num correct                        |     334981 |   33664243 |   33650474 |          0 |          0 |          0 |          0 |          0 |          0 |          0 |          0 |          0 |          0 |          0 |          0 |          0
  num incorrect                      |      16664 |    1082904 |    1080899 |          0 |          0 |          0 |          0 |          0 |          0 |          0 |          0 |          0 |          0 |          0 |          0 |          0
  misprediction rate                 |      4.74% |      3.12% |      3.11% |      0.00% |      0.00% |      0.00% |      0.00% |      0.00% |      0.00% |      0.00% |      0.00% |      0.00% |      0.00% |      0.00% |      0.00% |      0.00%
  mpki                               |       6.89 |       3.03 |       3.02 |       0.00 |       0.00 |       0.00 |       0.00 |       0.00 |       0.00 |       0.00 |       0.00 |       0.00 |       0.00 |       0.00 |       0.00 |       0.00
TLB Summary                          |            |            |            |            |            |            |            |            |            |            |            |            |            |            |            |           
  I-TLB                              |            |            |            |            |            |            |            |            |            |            |            |            |            |            |            |           
    num accesses                     |     207168 |   50501480 |   50485787 |          0 |          0 |          0 |          0 |          0 |          0 |          0 |          0 |          0 |          0 |          0 |          0 |          0
    num misses                       |        189 |         70 |         46 |          0 |          0 |          0 |          0 |          0 |          0 |          0 |          0 |          0 |          0 |          0 |          0 |          0
    miss rate                        |      0.09% |      0.00% |      0.00% |      0.00% |      0.00% |      0.00% |      0.00% |      0.00% |      0.00% |      0.00% |      0.00% |      0.00% |      0.00% |      0.00% |      0.00% |      0.00%
    mpki                             |       0.08 |       0.00 |       0.00 |       0.00 |       0.00 |       0.00 |       0.00 |       0.00 |       0.00 |       0.00 |       0.00 |       0.00 |       0.00 |       0.00 |       0.00 |       0.00
  D-TLB                              |            |            |            |            |            |            |            |            |            |            |            |            |            |            |            |           
    num accesses                     |     820420 |  126867831 |  126827540 |          0 |          0 |          0 |          0 |          0 |          0 |          0 |          0 |          0 |          0 |          0 |          0 |          0
    num misses                       |       2287 |        214 |        676 |          0 |          0 |          0 |          0 |          0 |          0 |          0 |          0 |          0 |          0 |          0 |          0 |          0
    miss rate                        |      0.28% |      0.00% |      0.00% |      0.00% |      0.00% |      0.00% |      0.00% |      0.00% |      0.00% |      0.00% |      0.00% |      0.00% |      0.00% |      0.00% |      0.00% |      0.00%
    mpki                             |       0.95 |       0.00 |       0.00 |       0.00 |       0.00 |       0.00 |       0.00 |       0.00 |       0.00 |       0.00 |       0.00 |       0.00 |       0.00 |       0.00 |       0.00 |       0.00
  L2 TLB                             |            |            |            |            |            |            |            |            |            |            |            |            |            |            |            |           
    num accesses                     |       2476 |        284 |        722 |          0 |          0 |          0 |          0 |          0 |          0 |          0 |          0 |          0 |          0 |          0 |          0 |          0
    num misses                       |        489 |        193 |        166 |          0 |          0 |          0 |          0 |          0 |          0 |          0 |          0 |          0 |          0 |          0 |          0 |          0
    miss rate                        |     19.75% |     67.96% |     22.99% |      0.00% |      0.00% |      0.00% |      0.00% |      0.00% |      0.00% |      0.00% |      0.00% |      0.00% |      0.00% |      0.00% |      0.00% |      0.00%
    mpki                             |       0.20 |       0.00 |       0.00 |       0.00 |       0.00 |       0.00 |       0.00 |       0.00 |       0.00 |       0.00 |       0.00 |       0.00 |       0.00 |       0.00 |       0.00 |       0.00
Cache Summary                        |            |            |            |            |            |            |            |            |            |            |            |            |            |            |            |           
  Cache L1-I                         |            |            |            |            |            |            |            |            |            |            |            |            |            |            |            |           
    num cache accesses               |     207168 |   50501480 |   50485787 |          0 |          0 |          0 |          0 |          0 |          0 |          0 |          0 |          0 |          0 |          0 |          0 |          0
    num cache misses                 |       3038 |      26846 |      24182 |          0 |          0 |          0 |          0 |          0 |          0 |          0 |          0 |          0 |          0 |          0 |          0 |          0
    miss rate                        |      1.47% |      0.05% |      0.05% |       inf% |       inf% |       inf% |       inf% |       inf% |       inf% |       inf% |       inf% |       inf% |       inf% |       inf% |       inf% |       inf%
    mpki                             |       1.26 |       0.08 |       0.07 |        inf |        inf |        inf |        inf |        inf |        inf |        inf |        inf |        inf |        inf |        inf |        inf |        inf
  Cache L1-D                         |            |            |            |            |            |            |            |            |            |            |            |            |            |            |            |           
    num cache accesses               |     820420 |  126867831 |  126827540 |          0 |          0 |          0 |          0 |          0 |          0 |          0 |          0 |          0 |          0 |          0 |          0 |          0
    num cache misses                 |      17695 |    1501570 |    1501813 |          0 |          0 |          0 |          0 |          0 |          0 |          0 |          0 |          0 |          0 |          0 |          0 |          0
    miss rate                        |      2.16% |      1.18% |      1.18% |       inf% |       inf% |       inf% |       inf% |       inf% |       inf% |       inf% |       inf% |       inf% |       inf% |       inf% |       inf% |       inf%
    mpki                             |       7.32 |       4.20 |       4.20 |        inf |        inf |        inf |        inf |        inf |        inf |        inf |        inf |        inf |        inf |        inf |        inf |        inf
  Cache L2                           |            |            |            |            |            |            |            |            |            |            |            |            |            |            |            |           
    num cache accesses               |      21268 |    1528922 |    1526495 |          0 |          0 |          0 |          0 |          0 |          0 |          0 |          0 |          0 |          0 |          0 |          0 |          0
    num cache misses                 |      13783 |       4468 |       4349 |          0 |          0 |          0 |          0 |          0 |          0 |          0 |          0 |          0 |          0 |          0 |          0 |          0
    miss rate                        |     64.81% |      0.29% |      0.28% |       inf% |       inf% |       inf% |       inf% |       inf% |       inf% |       inf% |       inf% |       inf% |       inf% |       inf% |       inf% |       inf%
    mpki                             |       5.70 |       0.01 |       0.01 |        inf |        inf |        inf |        inf |        inf |        inf |        inf |        inf |        inf |        inf |        inf |        inf |        inf
DRAM summary                         |            |            |            |            |            |            |            |            |            |            |            |            |            |            |            |           
  num dram accesses                  |       5757 |          0 |          0 |          0 |       5746 |          0 |          0 |          0 |       5765 |          0 |          0 |          0 |       5798 |          0 |          0 |          0
  average dram access latency (ns)   |      60.30 |        inf |        inf |        inf |      62.71 |        inf |        inf |        inf |      60.42 |        inf |        inf |        inf |      62.36 |        inf |        inf |        inf
  average dram queueing delay        |       6.87 |       0.00 |       0.00 |       0.00 |       9.28 |       0.00 |       0.00 |       0.00 |       7.00 |       0.00 |       0.00 |       0.00 |       8.93 |       0.00 |       0.00 |       0.00
  average dram bandwidth utilization |      0.00% |      0.00% |      0.00% |      0.00% |      0.00% |      0.00% |      0.00% |      0.00% |      0.00% |      0.00% |      0.00% |      0.00% |      0.00% |      0.00% |      0.00% |      0.00%
Coherency Traffic                    |            |            |            |            |            |            |            |            |            |            |            |            |            |            |            |           
  num loads from dram                |       9539 |        799 |       1033 |          0 |          0 |          0 |          0 |          0 |          0 |          0 |          0 |          0 |          0 |          0 |          0 |          0
  num loads from dram cache          |          0 |          0 |          0 |          0 |          0 |          0 |          0 |          0 |          0 |          0 |          0 |          0 |          0 |          0 |          0 |          0
  num loads from remote cache        |         33 |        469 |        329 |          0 |          0 |          0 |          0 |          0 |          0 |          0 |          0 |          0 |          0 |          0 |          0 |          0
