                                     | Core 0     | Core 1     | Core 2     | Core 3     | Core 4     | Core 5     | Core 6     | Core 7     | Core 8     | Core 9     | Core 10    | Core 11    | Core 12    | Core 13    | Core 14    | Core 15   
  Instructions                       |    2415036 |  147284565 |  147177709 |          0 |          0 |          0 |          0 |          0 |          0 |          0 |          0 |          0 |          0 |          0 |          0 |          0
  Cycles                             |   95164400 |   95164400 |   95164400 |   95164400 |   95164400 |   95164400 |   95164400 |   95164400 |   95164400 |   95164400 |   95164400 |   95164400 |   95164400 |   95164400 |   95164400 |   95164400
  IPC                                |       0.03 |       1.55 |       1.55 |       0.00 |       0.00 |       0.00 |       0.00 |       0.00 |       0.00 |       0.00 |       0.00 |       0.00 |       0.00 |       0.00 |       0.00 |       0.00
  Time (ns)                          |   23791100 |   23791100 |   23791100 |   23791100 |   23791100 |   23791100 |   23791100 |   23791100 |   23791100 |   23791100 |   23791100 |   23791100 |   23791100 |   23791100 |   23791100 |   23791100
  Idle time (ns)                     |   22908222 |     883253 |     902328 |   23791100 |   23791100 |   23791100 |   23791100 |   23791100 |   23791100 |   23791100 |   23791100 |   23791100 |   23791100 |   23791100 |   23791100 |   23791100
  Idle time (%)                      |      96.3% |       3.7% |       3.8% |     100.0% |     100.0% |     100.0% |     100.0% |     100.0% |     100.0% |     100.0% |     100.0% |     100.0% |     100.0% |     100.0% |     100.0% |     100.0%
Branch predictor stats               |            |            |            |            |            |            |            |            |            |            |            |            |            |            |            |           
  num correct                        |     333523 |   13830293 |   13816218 |          0 |          0 |          0 |          0 |          0 |          0 |          0 |          0 |          0 |          0 |          0 |          0 |          0
  num incorrect                      |      16650 |     461734 |     459797 |          0 |          0 |          0 |          0 |          0 |          0 |          0 |          0 |          0 |          0 |          0 |          0 |          0
  misprediction rate                 |      4.75% |      3.23% |      3.22% |      0.00% |      0.00% |      0.00% |      0.00% |      0.00% |      0.00% |      0.00% |      0.00% |      0.00% |      0.00% |      0.00% |      0.00% |      0.00%
  mpki                               |       6.89 |       3.13 |       3.12 |       0.00 |       0.00 |       0.00 |       0.00 |       0.00 |       0.00 |       0.00 |       0.00 |       0.00 |       0.00 |       0.00 |       0.00 |       0.00
TLB Summary                          |            |            |            |            |            |            |            |            |            |            |            |            |            |            |            |           
  I-TLB                              |            |            |            |            |            |            |            |            |            |            |            |            |            |            |            |           
    num accesses                     |     207965 |   20382118 |   20366211 |          0 |          0 |          0 |          0 |          0 |          0 |          0 |          0 |          0 |          0 |          0 |          0 |          0
    num misses                       |        190 |         84 |         46 |          0 |          0 |          0 |          0 |          0 |          0 |          0 |          0 |          0 |          0 |          0 |          0 |          0
    miss rate                        |      0.09% |      0.00% |      0.00% |      0.00% |      0.00% |      0.00% |      0.00% |      0.00% |      0.00% |      0.00% |      0.00% |      0.00% |      0.00% |      0.00% |      0.00% |      0.00%
    mpki                             |       0.08 |       0.00 |       0.00 |       0.00 |       0.00 |       0.00 |       0.00 |       0.00 |       0.00 |       0.00 |       0.00 |       0.00 |       0.00 |       0.00 |       0.00 |       0.00
  D-TLB                              |            |            |            |            |            |            |            |            |            |            |            |            |            |            |            |           
    num accesses                     |     817573 |   52787214 |   52746144 |          0 |          0 |          0 |          0 |          0 |          0 |          0 |          0 |          0 |          0 |          0 |          0 |          0
    num misses                       |       2069 |        223 |        193 |          0 |          0 |          0 |          0 |          0 |          0 |          0 |          0 |          0 |          0 |          0 |          0 |          0
    miss rate                        |      0.25% |      0.00% |      0.00% |      0.00% |      0.00% |      0.00% |      0.00% |      0.00% |      0.00% |      0.00% |      0.00% |      0.00% |      0.00% |      0.00% |      0.00% |      0.00%
    mpki                             |       0.86 |       0.00 |       0.00 |       0.00 |       0.00 |       0.00 |       0.00 |       0.00 |       0.00 |       0.00 |       0.00 |       0.00 |       0.00 |       0.00 |       0.00 |       0.00
  L2 TLB                             |            |            |            |            |            |            |            |            |            |            |            |            |            |            |            |           
    num accesses                     |       2259 |        307 |        239 |          0 |          0 |          0 |          0 |          0 |          0 |          0 |          0 |          0 |          0 |          0 |          0 |          0
    num misses                       |        501 |        192 |        165 |          0 |          0 |          0 |          0 |          0 |          0 |          0 |          0 |          0 |          0 |          0 |          0 |          0
    miss rate                        |     22.18% |     62.54% |     69.04% |      0.00% |      0.00% |      0.00% |      0.00% |      0.00% |      0.00% |      0.00% |      0.00% |      0.00% |      0.00% |      0.00% |      0.00% |      0.00%
    mpki                             |       0.21 |       0.00 |       0.00 |       0.00 |       0.00 |       0.00 |       0.00 |       0.00 |       0.00 |       0.00 |       0.00 |       0.00 |       0.00 |       0.00 |       0.00 |       0.00
Cache Summary                        |            |            |            |            |            |            |            |            |            |            |            |            |            |            |            |           
  Cache L1-I                         |            |            |            |            |            |            |            |            |            |            |            |            |            |            |            |           
    num cache accesses               |     207965 |   20382118 |   20366211 |          0 |          0 |          0 |          0 |          0 |          0 |          0 |          0 |          0 |          0 |          0 |          0 |          0
    num cache misses                 |       2999 |      49521 |      47352 |          0 |          0 |          0 |          0 |          0 |          0 |          0 |          0 |          0 |          0 |          0 |          0 |          0
    miss rate                        |      1.44% |      0.24% |      0.23% |       inf% |       inf% |       inf% |       inf% |       inf% |       inf% |       inf% |       inf% |       inf% |       inf% |       inf% |       inf% |       inf%
    mpki                             |       1.24 |       0.34 |       0.32 |        inf |        inf |        inf |        inf |        inf |        inf |        inf |        inf |        inf |        inf |        inf |        inf |        inf
  Cache L1-D                         |            |            |            |            |            |            |            |            |            |            |            |            |            |            |            |           
    num cache accesses               |     817573 |   52787214 |   52746144 |          0 |          0 |          0 |          0 |          0 |          0 |          0 |          0 |          0 |          0 |          0 |          0 |          0
    num cache misses                 |      17621 |     633452 |     633263 |          0 |          0 |          0 |          0 |          0 |          0 |          0 |          0 |          0 |          0 |          0 |          0 |          0
    miss rate                        |      2.16% |      1.20% |      1.20% |       inf% |       inf% |       inf% |       inf% |       inf% |       inf% |       inf% |       inf% |       inf% |       inf% |       inf% |       inf% |       inf%
    mpki                             |       7.30 |       4.30 |       4.30 |        inf |        inf |        inf |        inf |        inf |        inf |        inf |        inf |        inf |        inf |        inf |        inf |        inf
  Cache L2                           |            |            |            |            |            |            |            |            |            |            |            |            |            |            |            |           
    num cache accesses               |      21152 |     683470 |     681102 |          0 |          0 |          0 |          0 |          0 |          0 |          0 |          0 |          0 |          0 |          0 |          0 |          0
    num cache misses                 |      13657 |       4414 |       4305 |          0 |          0 |          0 |          0 |          0 |          0 |          0 |          0 |          0 |          0 |          0 |          0 |          0
    miss rate                        |     64.57% |      0.65% |      0.63% |       inf% |       inf% |       inf% |       inf% |       inf% |       inf% |       inf% |       inf% |       inf% |       inf% |       inf% |       inf% |       inf%
    mpki                             |       5.65 |       0.03 |       0.03 |        inf |        inf |        inf |        inf |        inf |        inf |        inf |        inf |        inf |        inf |        inf |        inf |        inf
DRAM summary                         |            |            |            |            |            |            |            |            |            |            |            |            |            |            |            |           
  num dram accesses                  |       5717 |          0 |          0 |          0 |       5656 |          0 |          0 |          0 |       5668 |          0 |          0 |          0 |       5694 |          0 |          0 |          0
  average dram access latency (ns)   |      60.79 |        inf |        inf |        inf |      61.95 |        inf |        inf |        inf |      60.49 |        inf |        inf |        inf |      61.64 |        inf |        inf |        inf
  average dram queueing delay        |       7.36 |       0.00 |       0.00 |       0.00 |       8.53 |       0.00 |       0.00 |       0.00 |       7.06 |       0.00 |       0.00 |       0.00 |       8.21 |       0.00 |       0.00 |       0.00
  average dram bandwidth utilization |      0.00% |      0.00% |      0.00% |      0.00% |      0.00% |      0.00% |      0.00% |      0.00% |      0.00% |      0.00% |      0.00% |      0.00% |      0.00% |      0.00% |      0.00% |      0.00%
Coherency Traffic                    |            |            |            |            |            |            |            |            |            |            |            |            |            |            |            |           
  num loads from dram                |       9406 |        788 |       1028 |          0 |          0 |          0 |          0 |          0 |          0 |          0 |          0 |          0 |          0 |          0 |          0 |          0
  num loads from dram cache          |          0 |          0 |          0 |          0 |          0 |          0 |          0 |          0 |          0 |          0 |          0 |          0 |          0 |          0 |          0 |          0
  num loads from remote cache        |         36 |        465 |        324 |          0 |          0 |          0 |          0 |          0 |          0 |          0 |          0 |          0 |          0 |          0 |          0 |          0
