Beat	Tag	Timestamp	Global Rate	Window Rate	Instant Rate	Min Rate	Max Rate
0	-1	6352300	0.000000	0.000000	0.000000	0.000000	100.000000
1	1	6369300	117647.058824	58823.531250	58823.529412	0.000000	100.000000
2	1	6380700	105633.802817	70422.539062	87719.298246	0.000000	100.000000
3	1	6385000	122324.159021	91743.117188	232558.139535	0.000000	100.000000
4	2	6545000	25947.067981	20757.654297	6250.000000	0.000000	100.000000
5	2	6548500	30581.039755	25484.199219	285714.285714	0.000000	100.000000
6	2	6552300	35000.000000	30000.001953	263157.894737	0.000000	100.000000
7	3	6701000	22942.357327	20074.562500	6724.949563	0.000000	100.000000
8	3	6704500	25553.662692	22714.367188	285714.285714	0.000000	100.000000
9	3	6708000	28113.578859	25302.220703	285714.285714	0.000000	100.000000
10	4	6854800	21890.547264	19900.498047	6811.989101	0.000000	100.000000
11	4	6861800	23552.502453	21589.792969	142857.142857	0.000000	100.000000
12	4	6865400	25336.191775	23387.253906	277777.777778	0.000000	100.000000
13	6	7005900	21419.828641	19889.841797	7117.437722	0.000000	100.000000
14	6	7016200	22593.764121	21087.511719	97087.378641	0.000000	100.000000
15	6	7022100	23887.727680	22394.746094	169491.525424	0.000000	100.000000
16	7	7157900	21102.284012	19860.972656	7363.770250	0.000000	100.000000
17	7	7168100	22064.231429	20838.441406	98039.215686	0.000000	100.000000
18	7	7178800	22988.505747	21778.583984	93457.943925	0.000000	100.000000
19	8	7308700	20911.752405	19866.164062	7698.229407	0.000000	100.000000
20	8	7319600	21709.914194	20676.109375	91743.119266	0.000000	100.000000
21	8	7335500	22375.915378	21358.828125	62893.081761	0.000000	100.000000
22	9	7460900	20746.887967	19844.849609	7974.481659	0.000000	100.000000
23	9	7471000	21453.472781	20559.578125	99009.900990	0.000000	100.000000
24	9	7492500	21925.977899	21048.939453	46511.627907	0.000000	100.000000
25	11	7611300	20651.310564	19857.029297	8417.508418	0.000000	100.000000
26	11	7622700	21253.148615	20465.994141	87719.298246	0.000000	100.000000
27	11	7649500	21584.952205	20814.060547	37313.432836	0.000000	100.000000
28	12	7763500	20549.886621	19841.269531	8771.929825	0.000000	100.000000
29	12	7774100	21100.014067	20396.679688	94339.622642	0.000000	100.000000
30	12	7806500	21317.562921	20629.900391	30864.197531	0.000000	100.000000
31	13	7914100	20489.179152	19419.990234	9293.680297	0.000000	100.000000
32	13	7925700	20973.687556	19417.476562	86206.896552	0.000000	100.000000
33	13	7963500	21102.284012	19005.384766	26455.026455	0.000000	100.000000
34	14	8066100	20422.453028	19722.570312	9746.588694	0.000000	100.000000
35	14	8076900	20874.405659	19628.369141	92592.592593	0.000000	100.000000
36	14	8120500	20925.234702	19130.212891	22935.779817	0.000000	100.000000
37	16	8216500	20384.078961	19795.447266	10416.666667	0.000000	100.000000
38	16	8228400	20787.804488	19686.330078	84033.613445	0.000000	100.000000
39	16	8277500	20777.062123	19114.367188	20366.598778	0.000000	100.000000
40	17	8368500	20335.284198	19818.986328	10989.010989	0.000000	100.000000
41	17	8379700	20716.188221	19764.146484	89285.714286	0.000000	100.000000
42	17	8434400	20652.226118	19120.458984	18281.535649	0.000000	100.000000
43	18	8519000	20307.379886	19826.845703	11820.330969	0.000000	100.000000
44	18	8531200	20652.622883	19801.980469	81967.213115	0.000000	100.000000
45	18	8591400	20543.968559	19116.802734	16611.295681	0.000000	100.000000
46	19	8671100	20269.104709	19825.535156	12547.051443	0.000000	100.000000
47	19	8682500	20599.090207	19809.826172	87719.298246	0.000000	100.000000
48	19	8748400	20449.897751	19113.150391	15174.506829	0.000000	100.000000
49	21	8821600	20248.653465	19829.466797	13661.202186	0.000000	100.000000
50	21	8833900	20551.257253	19811.132812	81300.813008	0.000000	100.000000
51	21	8905400	20367.396498	19109.498047	13986.013986	0.000000	100.000000
52	22	8973700	20218.204013	19830.777344	14641.288433	0.000000	100.000000
53	22	8985300	20508.925180	19811.132812	86206.896552	0.000000	100.000000
54	22	9062400	20294.454079	19109.498047	12970.168612	0.000000	100.000000
55	23	9124000	20204.206804	19832.087891	16233.766234	0.000000	100.000000
56	23	9136900	20469.726352	19812.443359	77519.379845	0.000000	100.000000
57	23	9219400	20229.500192	19109.498047	12121.212121	0.000000	100.000000
58	24	9276000	20179.909019	19834.710938	17667.844523	0.000000	100.000000
59	24	9288100	20437.359493	19815.058594	82644.628099	0.000000	100.000000
60	24	9376200	20172.624756	19111.933594	11350.737798	0.000000	100.000000
61	26	9426300	20169.160703	19838.644531	19960.079840	0.000000	100.000000
62	26	9439600	20406.180157	19816.369141	75187.969925	0.000000	100.000000
63	26	9533200	20120.091798	19111.933594	10683.760684	0.000000	100.000000
64	27	9578300	20148.791073	19838.644531	22172.949002	0.000000	100.000000
65	27	9590800	20379.805465	19816.369141	80000.000000	0.000000	100.000000
66	27	9690000	20073.703448	19114.367188	10080.645161	0.000000	100.000000
67	28	9728700	20139.793863	19838.644531	25839.793282	0.000000	100.000000
68	28	9742200	20354.582731	19817.677734	74074.074074	0.000000	100.000000
69	28	9847000	20030.331645	19114.367188	9541.984733	0.000000	100.000000
70	29	9880600	20123.005413	19839.958984	29761.904762	0.000000	100.000000
71	29	9893400	20332.664991	19818.986328	78125.000000	0.000000	100.000000
72	29	10003800	19991.784198	19115.585938	9057.971014	0.000000	100.000000
73	31	10031000	20115.801778	19841.269531	36764.705882	0.000000	100.000000
74	31	10044800	20311.442112	19820.296875	72463.768116	0.000000	100.000000
75	31	10160700	19955.886987	19116.802734	8628.127696	0.000000	100.000000
76	32	10183100	20100.240159	19841.269531	44642.857143	0.000000	100.000000
77	32	10196100	20292.418960	19820.296875	76923.076923	0.000000	100.000000
78	32	10317500	19923.332997	19119.240234	8237.232290	0.000000	100.000000
79	33	10333700	20093.434470	19839.958984	61728.395062	0.000000	100.000000
80	33	10347600	20273.821741	19818.986328	71942.446043	0.000000	100.000000
81	33	10474400	19892.773101	19120.458984	7886.435331	0.000000	100.000000
82	34	10485700	20080.321285	19841.269531	88495.575221	0.000000	100.000000
83	34	10498900	20257.560411	19820.296875	75757.575758	0.000000	100.000000
84	34	10631300	19864.454312	19121.677734	7552.870091	0.000000	100.000000
85	36	10636000	20076.102435	19841.269531	212765.957447	0.000000	100.000000
86	36	10650400	20241.502059	19821.605469	69444.444444	0.000000	100.000000
87	36	10788100	19838.586050	19124.115234	7262.164125	0.000000	100.000000
88	37	10791700	20047.754201	19792.835938	277777.777778	0.000000	100.000000
89	37	10801700	20227.446397	19820.296875	100000.000000	0.000000	100.000000
90	38	10942100	19826.571964	19158.310547	7122.507123	0.000000	100.000000
91	37	10946200	20026.556956	19738.140625	243902.439024	0.000000	100.000000
92	38	10953000	20214.315213	19822.914062	147058.823529	0.000000	100.000000
93	39	11094300	19822.859553	19217.218750	7077.140835	0.000000	100.000000
94	38	11103200	19996.211244	19673.421875	112359.550562	0.000000	100.000000
95	39	11106700	20191.822312	19790.222656	285714.285714	0.000000	100.000000
96	41	11244600	19827.075200	19297.568359	7251.631617	0.000000	100.000000
97	41	11258700	19973.911626	19607.843750	70921.985816	0.000000	100.000000
98	39	11261200	20167.450956	19749.835938	400000.000000	0.000000	100.000000
99	42	11396600	19824.356204	19359.835938	7385.524372	0.000000	100.000000
100	42	11410500	19967.577399	19609.125000	71942.446043	0.000000	100.000000
101	41	11418000	20135.420574	19677.292969	133333.333333	0.000000	100.000000
102	43	11546900	19828.283217	19441.382812	7757.951901	0.000000	100.000000
103	43	11562000	19962.761771	19595.037109	66225.165563	0.000000	100.000000
104	42	11574900	20104.928580	19606.562500	77519.379845	0.000000	100.000000
105	44	11698900	19825.683612	19503.316406	8064.516129	0.000000	100.000000
106	44	11713200	19959.335186	19606.562500	69930.069930	0.000000	100.000000
107	43	11731800	20076.215262	19535.066406	53763.440860	0.000000	100.000000
108	46	11849500	19828.276213	19582.244141	8496.176720	0.000000	100.000000
109	46	11864700	19955.010522	19595.037109	65789.473684	0.000000	100.000000
110	44	11888700	20049.129398	19466.615234	41666.666667	0.000000	100.000000
111	47	12001500	19825.816045	19645.080078	8865.248227	0.000000	100.000000
112	47	12016100	19951.269466	19602.718750	68493.150685	0.000000	100.000000
113	46	12045600	20023.536438	19396.132812	33898.305085	0.000000	100.000000
114	48	12151900	19828.953721	19729.054688	9407.337723	0.000000	100.000000
115	48	12167700	19947.037177	19586.080078	63291.139241	0.000000	100.000000
116	47	12202500	19999.316263	19328.650391	28735.632184	0.000000	100.000000
117	49	12304000	19826.268125	19790.222656	9852.216749	0.000000	100.000000
118	49	12319000	19944.022659	19642.505859	66666.666667	0.000000	100.000000
119	48	12359400	19976.361306	19259.164062	24752.475248	0.000000	100.000000
120	51	12454400	19829.239114	19837.333984	10526.315789	0.000000	100.000000
121	51	12470500	19940.505377	19681.166016	62111.801242	0.000000	100.000000
122	49	12516200	19954.898684	19191.402344	21881.838074	0.000000	100.000000
123	52	12606400	19826.993492	19839.958984	11086.474501	0.000000	100.000000
124	52	12621900	19937.476075	19753.736328	64516.129032	0.000000	100.000000
125	51	12673000	19934.500926	19153.417969	19569.471624	0.000000	100.000000
126	53	12756900	19829.497549	19837.333984	11918.951132	0.000000	100.000000
127	53	12773400	19934.279173	19805.902344	60606.060606	0.000000	100.000000
128	52	12830000	19914.475817	19122.896484	17667.844523	0.000000	100.000000
129	54	12908800	19827.651948	19838.644531	12690.355330	0.000000	100.000000
130	54	12924500	19932.442713	19815.058594	63694.267516	0.000000	100.000000
131	53	12986900	19895.698309	19121.677734	16025.641026	0.000000	100.000000
132	56	13059200	19830.323995	19837.333984	13831.258645	0.000000	100.000000
133	56	13076100	19929.206699	19813.750000	59171.597633	0.000000	100.000000
134	54	13143900	19877.495730	19120.458984	14749.262537	0.000000	100.000000
135	57	13211300	19827.963260	19836.023438	14836.795252	0.000000	100.000000
136	57	13227400	19926.982880	19812.443359	62111.801242	0.000000	100.000000
137	56	13300800	19860.401526	19120.458984	13623.978202	0.000000	100.000000
138	58	13361700	19830.513311	19838.644531	16420.361248	0.000000	100.000000
139	58	13378900	19924.287707	19812.443359	58139.534884	0.000000	100.000000
140	57	13457900	19843.503715	19118.021484	12658.227848	0.000000	100.000000
141	59	13513900	19827.971403	19836.023438	17857.142857	0.000000	100.000000
142	59	13530100	19922.538940	19815.058594	61728.395062	0.000000	100.000000
143	58	13614800	19827.882960	19118.021484	11806.375443	0.000000	100.000000
144	61	13664300	19830.415755	19836.023438	20202.020202	0.000000	100.000000
145	61	13681600	19920.046935	19816.369141	57803.468208	0.000000	100.000000
146	59	13771700	19812.922878	19118.021484	11098.779134	0.000000	100.000000
147	62	13816300	19828.510182	19837.333984	22421.524664	0.000000	100.000000
148	62	13832900	19918.188381	19816.369141	60240.963855	0.000000	100.000000
149	61	13928700	19798.321102	19116.802734	10438.413361	0.000000	100.000000
150	63	13966700	19830.846817	19837.333984	26315.789474	0.000000	100.000000
151	63	13984400	19915.881605	19816.369141	56497.175141	0.000000	100.000000
152	62	14085600	19784.568037	19115.585938	9881.422925	0.000000	100.000000
153	64	14118800	19828.751690	19836.023438	30120.481928	0.000000	100.000000
154	64	14135600	19914.432182	19818.986328	59523.809524	0.000000	100.000000
155	63	14242500	19771.361943	19114.367188	9354.536950	0.000000	100.000000
156	66	14269200	19830.994455	19837.333984	37453.183521	0.000000	100.000000
157	66	14287100	19912.285124	19818.986328	55865.921788	0.000000	100.000000
158	64	14399400	19758.670826	19115.585938	8904.719501	0.000000	100.000000
159	67	14421300	19828.975090	19834.710938	45662.100457	0.000000	100.000000
160	67	14438300	19910.957210	19817.677734	58823.529412	0.000000	100.000000
161	66	14556400	19746.224449	19114.367188	8467.400508	0.000000	100.000000
162	68	14571600	19831.372501	19836.023438	65789.473684	0.000000	100.000000
163	68	14589800	19908.952959	19818.986328	54945.054945	0.000000	100.000000
164	67	14713300	19734.481521	19115.585938	8097.165992	0.000000	100.000000
165	69	14723700	19829.419213	19836.023438	96153.846154	0.000000	100.000000
166	69	14740900	19907.970341	19821.605469	58139.534884	0.000000	100.000000
167	68	14870300	19722.939657	19114.367188	7727.975270	0.000000	100.000000
168	71	14874100	19831.491000	19836.023438	263157.894737	0.000000	100.000000
169	71	14892500	19905.857006	19820.296875	54347.826087	0.000000	100.000000
170	72	15026300	19714.088079	19127.773438	7473.841555	0.000000	100.000000
171	69	15029700	19821.605550	19791.529297	294117.647059	0.000000	100.000000
172	72	15043700	19904.733415	19820.296875	71428.571429	0.000000	100.000000
173	73	15177700	19715.820246	19195.085938	7462.686567	0.000000	100.000000
174	71	15186900	19808.480293	19703.140625	108695.652174	0.000000	100.000000
175	73	15195300	19902.747936	19818.986328	119047.619048	0.000000	100.000000
176	74	15329800	19715.956558	19254.218750	7434.944238	0.000000	100.000000
177	72	15343900	19796.254282	19638.648438	70921.985816	0.000000	100.000000
178	74	15346700	19901.271903	19817.677734	357142.857143	0.000000	100.000000
179	76	15480100	19719.976336	19337.373047	7496.251874	0.000000	100.000000
180	76	15498200	19790.288545	19588.638672	55248.618785	0.000000	100.000000
181	73	15500700	19894.189148	19785.003906	400000.000000	0.000000	100.000000
182	77	15632100	19720.252592	19398.642578	7610.350076	0.000000	100.000000
183	77	15649400	19791.117660	19600.156250	57803.468208	0.000000	100.000000
184	74	15657600	19881.143005	19710.906250	121951.219512	0.000000	100.000000
185	78	15782500	19723.865878	19480.519531	8006.405124	0.000000	100.000000
186	78	15801000	19791.082371	19584.802734	54054.054054	0.000000	100.000000
187	76	15814700	19868.109571	19638.648438	72992.700730	0.000000	100.000000
188	79	15934600	19723.865878	19541.427734	8340.283570	0.000000	100.000000
189	79	15952400	19791.460506	19593.755859	56179.775281	0.000000	100.000000
190	77	15971600	19855.914672	19565.642578	52083.333333	0.000000	100.000000
191	81	16085100	19727.108335	19624.517578	8810.572687	0.000000	100.000000
192	81	16103900	19791.623939	19578.410156	53191.489362	0.000000	100.000000
193	78	16128500	19844.111209	19496.978516	40650.406504	0.000000	100.000000
194	82	16237100	19727.258012	19687.623047	9208.103131	0.000000	100.000000
195	82	16255300	19791.982228	19587.359375	54945.054945	0.000000	100.000000
196	79	16285500	19832.480973	19422.503906	33112.582781	0.000000	100.000000
197	83	16387600	19730.351858	19771.962891	9794.319295	0.000000	100.000000
198	83	16406700	19792.329726	19574.578125	52356.020942	0.000000	100.000000
199	81	16442400	19821.409104	19356.087891	28011.204482	0.000000	100.000000
200	84	16539500	19730.642375	19825.535156	10298.661174	0.000000	100.000000
201	84	16557900	19793.054793	19630.937500	54347.826087	0.000000	100.000000
202	82	16599400	19810.482966	19283.923828	24096.385542	0.000000	100.000000
203	86	16689900	19733.787339	19838.644531	11049.723757	0.000000	100.000000
204	86	16709300	19793.376460	19705.726562	51546.391753	0.000000	100.000000
205	83	16756200	19800.267207	19219.681641	21321.961620	0.000000	100.000000
206	87	16841900	19733.831605	19839.958984	11668.611435	0.000000	100.000000
207	87	16860500	19794.065587	19781.089844	53763.440860	0.000000	100.000000
208	84	16913100	19790.167412	19152.197266	19011.406844	0.000000	100.000000
209	88	16992200	19737.027604	19839.958984	12642.225032	0.000000	100.000000
210	88	17012000	19794.178073	19817.677734	50505.050505	0.000000	100.000000
211	86	17070100	19780.178768	19115.585938	17211.703959	0.000000	100.000000
212	89	17144300	19736.842105	19838.644531	13477.088949	0.000000	100.000000
213	89	17163200	19794.836693	19817.677734	52910.052910	0.000000	100.000000
214	87	17227100	19770.478538	19114.367188	15649.452269	0.000000	100.000000
215	91	17294600	19739.908429	19839.958984	14814.814815	0.000000	100.000000
216	91	17314600	19795.115988	19820.296875	50000.000000	0.000000	100.000000
217	88	17384000	19761.233536	19116.802734	14409.221902	0.000000	100.000000
218	92	17446700	19739.688491	19839.958984	15948.963317	0.000000	100.000000
219	92	17465800	19795.743915	19822.914062	52356.020942	0.000000	100.000000
220	89	17541000	19752.071286	19115.585938	13297.872340	0.000000	100.000000
221	93	17596900	19742.809882	19843.894531	17889.087657	0.000000	100.000000
222	93	17617300	19795.827785	19822.914062	49019.607843	0.000000	100.000000
223	91	17697900	19743.336624	19115.585938	12406.947891	0.000000	100.000000
224	94	17748900	19742.730288	19843.894531	19607.843137	0.000000	100.000000
225	94	17768600	19796.256230	19824.226562	50761.421320	0.000000	100.000000
226	92	17854800	19734.840252	19116.802734	11600.928074	0.000000	100.000000
227	96	17899300	19745.388413	19845.207031	22471.910112	0.000000	100.000000
228	96	17920100	19796.331195	19822.914062	48076.923077	0.000000	100.000000
229	93	18011800	19726.403362	19115.585938	10905.125409	0.000000	100.000000
230	97	18051200	19745.446153	19845.207031	25380.710660	0.000000	100.000000
231	97	18071400	19796.742071	19821.605469	49504.950495	0.000000	100.000000
232	94	18168700	19718.357537	19116.802734	10277.492292	0.000000	100.000000
233	98	18201600	19748.001992	19845.207031	30395.136778	0.000000	100.000000
234	98	18222900	19796.808923	19820.296875	46948.356808	0.000000	100.000000
235	96	18325600	19710.522579	19115.585938	9737.098345	0.000000	100.000000
236	99	18353600	19747.860648	19845.207031	35714.285714	0.000000	100.000000
237	99	18374100	19797.368115	19820.296875	48780.487805	0.000000	100.000000
238	97	18482500	19702.890307	19115.585938	9225.092251	0.000000	100.000000
239	98	18639400	19532.680616	18212.724609	6373.486297	0.000000	100.000000
240	99	18796300	19366.763099	16813.316406	6373.486297	0.000000	100.000000
