Beat	Tag	Timestamp	Global Rate	Window Rate	Instant Rate	Min Rate	Max Rate
0	-1	6375500	0.000000	0.000000	0.000000	0.000000	100.000000
1	1	6383600	246913.580247	123456.789062	123456.790123	0.000000	100.000000
2	1	6391800	184049.079755	122699.382812	121951.219512	0.000000	100.000000
3	1	6397000	186046.511628	139534.890625	192307.692308	0.000000	100.000000
4	2	6556900	27563.395810	22050.716797	6253.908693	0.000000	100.000000
5	2	6561900	32188.841202	26824.035156	200000.000000	0.000000	100.000000
6	2	6565500	36842.105263	31578.947266	277777.777778	0.000000	100.000000
7	3	6710100	23909.145248	20920.501953	6915.629322	0.000000	100.000000
8	3	6716700	26377.491208	23446.658203	151515.151515	0.000000	100.000000
9	3	6721400	28910.089621	26019.082031	212765.957447	0.000000	100.000000
10	4	6861900	22615.131579	20559.210938	7117.437722	0.000000	100.000000
11	4	6870000	24266.936299	22244.691406	123456.790123	0.000000	100.000000
12	4	6877800	25880.947641	23890.105469	128205.128205	0.000000	100.000000
13	5	7013800	21933.260222	20366.599609	7352.941176	0.000000	100.000000
14	5	7022800	23173.180905	21628.302734	111111.111111	0.000000	100.000000
15	5	7034000	24297.646166	22779.042969	89285.714286	0.000000	100.000000
16	6	7165400	21521.711609	20255.728516	7610.350076	0.000000	100.000000
17	6	7175200	22508.440665	21257.972656	102040.816327	0.000000	100.000000
18	6	7189900	23330.058939	22102.160156	68027.210884	0.000000	100.000000
19	7	7317300	21235.931196	20174.134766	7849.293564	0.000000	100.000000
20	7	7328000	22047.244094	20997.375000	93457.943925	0.000000	100.000000
21	7	7345800	22673.399979	21642.791016	56179.775281	0.000000	100.000000
22	8	7469100	21031.455743	20117.044922	8110.300081	0.000000	100.000000
23	8	7480600	21717.491630	20812.597656	86956.521739	0.000000	100.000000
24	8	7501500	22202.486679	21314.386719	47846.889952	0.000000	100.000000
25	9	7621000	20875.150542	20072.259766	8368.200837	0.000000	100.000000
26	9	7633200	21467.758607	20672.656250	81967.213115	0.000000	100.000000
27	9	7657400	21842.577424	21062.486328	41322.314050	0.000000	100.000000
28	10	7772800	20754.311887	20038.646484	8665.511265	0.000000	100.000000
29	10	7785800	21272.069772	20563.000000	76923.076923	0.000000	100.000000
30	10	7813300	21560.717763	20865.210938	36363.636364	0.000000	100.000000
31	11	7924500	20658.489348	19469.142578	8992.805755	0.000000	100.000000
32	11	7938500	21113.243762	19396.132812	71428.571429	0.000000	100.000000
33	11	7969300	21332.664073	19080.328125	32467.532468	0.000000	100.000000
34	12	8076300	20578.551270	19744.634766	9345.794393	0.000000	100.000000
35	12	8091200	20982.689281	19616.818359	67114.093960	0.000000	100.000000
36	12	8125200	21146.482254	19234.468750	29411.764706	0.000000	100.000000
37	13	8227900	20513.927877	19765.451172	9737.098345	0.000000	100.000000
38	13	8243900	20873.474631	19643.792969	62500.000000	0.000000	100.000000
39	13	8281100	20990.764064	19234.468750	26881.720430	0.000000	100.000000
40	14	8379600	20458.060975	19766.751953	10152.284264	0.000000	100.000000
41	14	8396400	20782.819536	19654.087891	59523.809524	0.000000	100.000000
42	14	8436900	20859.609974	19241.871094	24691.358025	0.000000	100.000000
43	15	8531400	20409.109885	19768.054688	10582.010582	0.000000	100.000000
44	15	8549100	20702.981229	19655.375000	56497.175141	0.000000	100.000000
45	15	8592900	20745.016686	19244.339844	22831.050228	0.000000	100.000000
46	16	8683200	20366.598778	19765.451172	11074.197121	0.000000	100.000000
47	16	8701600	20635.398306	19654.087891	54347.826087	0.000000	100.000000
48	16	8748800	20646.357393	19244.339844	21186.440678	0.000000	100.000000
49	17	8835000	20329.335231	19766.751953	11600.928074	0.000000	100.000000
50	17	8854200	20575.301569	19656.664062	52083.333333	0.000000	100.000000
51	17	8904500	20561.486754	19246.808594	19880.715706	0.000000	100.000000
52	18	8986700	20297.181373	19768.054688	12165.450122	0.000000	100.000000
53	18	9006700	20522.955306	19657.951172	50000.000000	0.000000	100.000000
54	18	9060300	20485.697259	19245.574219	18656.716418	0.000000	100.000000
55	19	9138500	20267.824828	19769.357422	12787.723785	0.000000	100.000000
56	19	9159300	20475.608880	19657.951172	48076.923077	0.000000	100.000000
57	19	9215900	20419.659203	19249.277344	17667.844523	0.000000	100.000000
58	20	9290100	20242.914980	19771.962891	13477.088949	0.000000	100.000000
59	20	9311900	20433.183490	19657.951172	45871.559633	0.000000	100.000000
60	20	9371600	20359.801075	19251.750000	16750.418760	0.000000	100.000000
61	21	9441800	20219.808890	19771.962891	14245.014245	0.000000	100.000000
62	21	9464500	20394.949822	19659.240234	44052.863436	0.000000	100.000000
63	21	9527400	20305.212729	19254.218750	15898.251192	0.000000	100.000000
64	22	9593600	20198.253628	19771.962891	15105.740181	0.000000	100.000000
65	22	9617100	20360.315893	19660.529297	42553.191489	0.000000	100.000000
66	22	9683100	20256.379248	19256.691406	15151.515152	0.000000	100.000000
67	23	9745200	20179.837968	19771.962891	16103.059581	0.000000	100.000000
68	23	9769700	20328.796182	19661.816406	40816.326531	0.000000	100.000000
69	23	9838900	20211.353006	19257.927734	14450.867052	0.000000	100.000000
70	24	9896900	20162.435395	19771.962891	17241.379310	0.000000	100.000000
71	24	9922300	20299.988722	19660.529297	39370.078740	0.000000	100.000000
72	24	9994700	20170.203360	19257.927734	13812.154696	0.000000	100.000000
73	25	10048500	20147.018786	19774.570312	18587.360595	0.000000	100.000000
74	25	10074900	20273.557874	19661.816406	37878.787879	0.000000	100.000000
75	25	10150600	20131.917035	19259.164062	13210.039630	0.000000	100.000000
76	26	10200400	20131.245261	19773.267578	20080.321285	0.000000	100.000000
77	26	10227300	20250.272600	19663.105469	37174.721190	0.000000	100.000000
78	26	10306600	20096.156292	19257.927734	12610.340479	0.000000	100.000000
79	27	10352100	20117.688478	19774.570312	21978.021978	0.000000	100.000000
80	27	10380000	20227.244350	19661.816406	35842.293907	0.000000	100.000000
81	27	10462500	20063.616345	19255.457031	12121.212121	0.000000	100.000000
82	28	10503800	20105.128019	19774.570312	24213.075061	0.000000	100.000000
83	28	10532500	20206.879962	19661.816406	34843.205575	0.000000	100.000000
84	28	10618300	20033.939851	19255.457031	11655.011655	0.000000	100.000000
85	29	10655500	20093.457944	19775.873047	26881.720430	0.000000	100.000000
86	29	10685100	20187.488398	19661.816406	33783.783784	0.000000	100.000000
87	29	10774200	20005.910837	19251.750000	11223.344557	0.000000	100.000000
88	30	10807200	20082.586818	19774.570312	30303.030303	0.000000	100.000000
89	30	10837600	20169.875171	19663.105469	32894.736842	0.000000	100.000000
90	30	10930000	19980.239324	19250.513672	10822.510823	0.000000	100.000000
91	31	10958700	20073.311224	19777.177734	34843.205575	0.000000	100.000000
92	31	10990200	20152.989360	19663.105469	31746.031746	0.000000	100.000000
93	31	11085800	19956.266055	19250.513672	10460.251046	0.000000	100.000000
94	32	11110400	20063.781706	19778.480469	40650.406504	0.000000	100.000000
95	32	11142800	20137.184570	19663.105469	30864.197531	0.000000	100.000000
96	32	11241700	19933.418273	19248.042969	10111.223458	0.000000	100.000000
97	33	11262100	20054.843859	19777.177734	49019.607843	0.000000	100.000000
98	33	11295400	20122.360211	19663.105469	30030.030030	0.000000	100.000000
99	33	11397500	19912.385504	19248.042969	9794.319295	0.000000	100.000000
100	34	11413800	20046.444237	19777.177734	61349.693252	0.000000	100.000000
101	34	11448100	20108.031384	19661.816406	29154.518950	0.000000	100.000000
102	34	11553400	19892.234303	19246.808594	9496.676163	0.000000	100.000000
103	35	11565500	20038.535645	19775.873047	82644.628099	0.000000	100.000000
104	35	11600700	20094.924596	19661.816406	28409.090909	0.000000	100.000000
105	35	11709100	19874.006300	19249.277344	9225.092251	0.000000	100.000000
106	36	11717100	20031.451251	19779.785156	125000.000000	0.000000	100.000000
107	36	11753200	20082.935084	19660.529297	27700.831025	0.000000	100.000000
108	36	11864900	19856.450614	19251.750000	8952.551477	0.000000	100.000000
109	37	11868800	20024.393352	19779.785156	256410.256410	0.000000	100.000000
110	37	11906000	20070.518036	19659.240234	26881.720430	0.000000	100.000000
111	37	12020600	19840.215408	19254.218750	8726.003490	0.000000	100.000000
112	38	12024000	20005.311145	19734.246094	294117.647059	0.000000	100.000000
113	38	12058500	20059.827556	19659.240234	28985.507246	0.000000	100.000000
114	39	12176600	19823.826516	19251.750000	8467.400508	0.000000	100.000000
115	38	12179900	19984.839088	19679.875000	303030.303030	0.000000	100.000000
116	39	12211000	20049.695827	19660.529297	32154.340836	0.000000	100.000000
117	40	12329100	19819.940876	19293.845703	8467.400508	0.000000	100.000000
118	39	12335600	19966.107951	19628.369141	153846.153846	0.000000	100.000000
119	40	12363700	20039.410841	19657.951172	35587.188612	0.000000	100.000000
120	41	12480800	19818.845921	19344.855469	8539.709650	0.000000	100.000000
121	40	12491300	19948.330554	19574.578125	95238.095238	0.000000	100.000000
122	41	12516400	20029.637350	19656.664062	39840.637450	0.000000	100.000000
123	42	12632400	19818.120795	19397.388672	8620.689655	0.000000	100.000000
124	41	12647000	19931.435861	19523.623047	68493.150685	0.000000	100.000000
125	42	12668900	20020.974354	19657.951172	45662.100457	0.000000	100.000000
126	43	12784100	19817.120744	19450.207031	8680.555556	0.000000	100.000000
127	42	12802800	19915.049865	19471.667969	53475.935829	0.000000	100.000000
128	43	12821600	20012.100340	19656.664062	53191.489362	0.000000	100.000000
129	44	12935800	19816.166944	19502.046875	8756.567426	0.000000	100.000000
130	43	12958500	19899.741759	19421.246094	44052.863436	0.000000	100.000000
131	44	12974200	20003.940170	19657.951172	63694.267516	0.000000	100.000000
132	45	13087500	19815.256257	19555.439453	8826.125331	0.000000	100.000000
133	44	13114300	19884.845967	19369.833984	37313.432836	0.000000	100.000000
134	45	13126800	19996.148890	19657.951172	80000.000000	0.000000	100.000000
135	46	13239200	19814.385827	19606.562500	8896.797153	0.000000	100.000000
136	45	13269900	19871.199814	19319.937500	32573.289902	0.000000	100.000000
137	46	13279200	19989.281110	19659.240234	107526.881720	0.000000	100.000000
138	47	13390900	19813.553040	19659.240234	8952.551477	0.000000	100.000000
139	46	13425600	19857.874356	19270.298828	28818.443804	0.000000	100.000000
140	47	13431800	19982.143616	19661.816406	161290.322581	0.000000	100.000000
141	48	13542400	19813.308404	19713.496094	9041.591320	0.000000	100.000000
142	47	13581300	19845.124761	19264.111328	25706.940874	0.000000	100.000000
143	48	13584500	19975.031211	19659.240234	312500.000000	0.000000	100.000000
144	49	13694200	19812.261740	19768.054688	9115.770283	0.000000	100.000000
145	49	13737100	19832.645077	19265.347656	23310.023310	0.000000	100.000000
146	48	13740500	19959.266802	19614.253906	294117.647059	0.000000	100.000000
147	50	13845900	19811.522810	19778.480469	9487.666034	0.000000	100.000000
148	50	13889900	19828.595763	19301.292969	22727.272727	0.000000	100.000000
149	49	13896400	19944.421545	19573.302734	153846.153846	0.000000	100.000000
150	51	13997600	19810.813293	19778.480469	9881.422925	0.000000	100.000000
151	51	14042500	19825.224990	19339.865234	22271.714922	0.000000	100.000000
152	50	14052100	19930.698486	19535.066406	104166.666667	0.000000	100.000000
153	52	14149300	19810.131467	19777.177734	10288.065844	0.000000	100.000000
154	52	14195000	19822.239274	19379.845703	21881.838074	0.000000	100.000000
155	51	14207900	19917.266738	19493.177734	77519.379845	0.000000	100.000000
156	53	14301000	19809.475743	19777.177734	10741.138561	0.000000	100.000000
157	53	14347500	19819.367787	19421.246094	21505.376344	0.000000	100.000000
158	52	14363600	19904.608105	19455.251953	62111.801242	0.000000	100.000000
159	54	14452700	19808.844649	19777.177734	11223.344557	0.000000	100.000000
160	54	14500100	19816.360190	19460.300781	21097.046414	0.000000	100.000000
161	53	14519500	19891.944990	19413.707031	51546.391753	0.000000	100.000000
162	55	14604400	19808.236824	19777.177734	11778.563015	0.000000	100.000000
163	55	14652800	19813.224119	19499.513672	20661.157025	0.000000	100.000000
164	54	14675200	19880.236635	19374.839844	44642.857143	0.000000	100.000000
165	56	14756000	19807.887358	19778.480469	12376.237624	0.000000	100.000000
166	56	14805500	19810.201661	19536.337891	20202.020202	0.000000	100.000000
167	55	14830900	19868.959482	19333.634766	39370.078740	0.000000	100.000000
168	57	14907700	19807.318159	19778.480469	13020.833333	0.000000	100.000000
169	57	14958000	19807.748325	19577.134766	19880.715706	0.000000	100.000000
170	56	14986600	19858.090139	19295.085938	34965.034965	0.000000	100.000000
171	58	15059300	19806.996937	19777.177734	13755.158184	0.000000	100.000000
172	58	15110700	19804.927191	19615.535156	19455.252918	0.000000	100.000000
173	57	15142300	19847.606881	19257.927734	31645.569620	0.000000	100.000000
174	59	15211000	19806.462566	19778.480469	14556.040757	0.000000	100.000000
175	59	15263300	19802.425797	19656.664062	19120.458891	0.000000	100.000000
176	58	15298000	19837.489493	19261.636719	28818.443804	0.000000	100.000000
177	60	15362700	19805.946235	19778.480469	15455.950541	0.000000	100.000000
178	60	15415900	19800.008849	19659.240234	18796.992481	0.000000	100.000000
179	59	15453600	19827.937564	19265.347656	26525.198939	0.000000	100.000000
180	61	15514300	19805.663763	19779.785156	16474.464580	0.000000	100.000000
181	61	15568500	19797.672142	19659.240234	18450.184502	0.000000	100.000000
182	60	15609200	19818.707560	19266.585938	24570.024570	0.000000	100.000000
183	62	15666000	19805.177332	19779.785156	17605.633803	0.000000	100.000000
184	62	15721100	19795.411745	19657.951172	18148.820327	0.000000	100.000000
185	61	15764900	19809.572497	19267.822266	22831.050228	0.000000	100.000000
186	63	15817700	19804.706530	19779.785156	18939.393939	0.000000	100.000000
187	63	15873800	19793.015592	19655.375000	17825.311943	0.000000	100.000000
188	62	15920700	19800.528014	19266.585938	21321.961620	0.000000	100.000000
189	64	15969300	19804.457045	19781.089844	20576.131687	0.000000	100.000000
190	64	16026300	19791.105401	19656.664062	17543.859649	0.000000	100.000000
191	63	16076400	19791.978064	19269.060547	19960.079840	0.000000	100.000000
192	65	16121100	19803.808898	19779.785156	22371.364653	0.000000	100.000000
193	65	16178900	19789.052778	19657.951172	17301.038062	0.000000	100.000000
194	64	16232200	19783.497519	19267.822266	18761.726079	0.000000	100.000000
195	66	16272700	19803.580811	19779.785156	24691.358025	0.000000	100.000000
196	66	16331600	19786.864334	19657.951172	16977.928693	0.000000	100.000000
197	65	16387800	19775.675919	19269.060547	17793.594306	0.000000	100.000000
198	67	16424400	19803.162535	19779.785156	27322.404372	0.000000	100.000000
199	67	16484100	19785.133451	19657.951172	16750.418760	0.000000	100.000000
200	66	16543500	19767.899292	19269.060547	16835.016835	0.000000	100.000000
201	68	16576200	19802.562569	19777.177734	30581.039755	0.000000	100.000000
202	68	16636700	19783.261217	19659.240234	16528.925620	0.000000	100.000000
203	67	16699100	19760.548646	19270.298828	16025.641026	0.000000	100.000000
204	69	16727700	19802.554046	19779.785156	34965.034965	0.000000	100.000000
205	69	16789200	19781.633809	19660.529297	16260.162602	0.000000	100.000000
206	68	16854900	19753.039296	19269.060547	15220.700152	0.000000	100.000000
207	70	16879300	19802.357242	19781.089844	40983.606557	0.000000	100.000000
208	70	16941900	19779.678982	19659.240234	15974.440895	0.000000	100.000000
209	69	17010700	19745.749962	19266.585938	14534.883721	0.000000	100.000000
210	71	17031000	19801.980198	19779.785156	49261.083744	0.000000	100.000000
211	71	17094400	19778.148877	19660.529297	15772.870662	0.000000	100.000000
212	70	17166400	19738.854034	19265.347656	13888.888889	0.000000	100.000000
213	72	17182700	19801.613739	19779.785156	61349.693252	0.000000	100.000000
214	72	17247000	19776.479787	19660.529297	15552.099533	0.000000	100.000000
215	71	17322100	19732.154276	19265.347656	13315.579228	0.000000	100.000000
216	73	17334400	19801.257425	19779.785156	81300.813008	0.000000	100.000000
217	73	17399600	19774.856904	19661.816406	15337.423313	0.000000	100.000000
218	72	17477800	19725.642434	19266.585938	12787.723785	0.000000	100.000000
219	74	17486100	19800.910842	19778.480469	120481.927711	0.000000	100.000000
220	74	17552100	19773.455255	19661.816406	15151.515152	0.000000	100.000000
221	73	17633400	19719.485872	19267.822266	12300.123001	0.000000	100.000000
222	75	17637900	19800.397784	19778.480469	222222.222222	0.000000	100.000000
223	75	17704600	19772.091340	19663.105469	14992.503748	0.000000	100.000000
224	74	17789200	19713.151739	19267.822266	11820.330969	0.000000	100.000000
225	76	17792700	19794.695722	19736.841797	285714.285714	0.000000	100.000000
226	76	17857300	19770.419272	19663.105469	15479.876161	0.000000	100.000000
227	77	17944300	19708.180624	19274.011719	11494.252874	0.000000	100.000000
228	75	17947700	19788.804203	19694.083984	294117.647059	0.000000	100.000000
229	77	18009900	19768.961012	19661.816406	16077.170418	0.000000	100.000000
230	78	18097000	19707.375336	19311.232422	11481.056257	0.000000	100.000000
231	76	18103600	19781.550294	19641.220703	151515.151515	0.000000	100.000000
232	78	18162500	19767.540511	19661.816406	16977.928693	0.000000	100.000000
233	79	18248700	19708.250514	19359.835938	11600.928074	0.000000	100.000000
234	77	18259400	19774.653102	19586.080078	93457.943925	0.000000	100.000000
235	79	18315000	19766.321873	19661.816406	17985.611511	0.000000	100.000000
236	80	18400500	19708.939709	19409.937500	11695.906433	0.000000	100.000000
237	78	18415000	19768.262802	19535.066406	68965.517241	0.000000	100.000000
238	80	18467500	19765.133973	19664.394531	19047.619048	0.000000	100.000000
239	81	18552300	19709.611721	19460.300781	11792.452830	0.000000	100.000000
240	79	18570800	19761.711479	19483.048828	54054.054054	0.000000	100.000000
241	81	18620100	19763.814253	19663.105469	20283.975659	0.000000	100.000000
242	82	18704000	19710.427059	19510.925781	11918.951132	0.000000	100.000000
243	80	18726600	19755.325437	19431.310547	44247.787611	0.000000	100.000000
244	82	18772800	19762.367612	19661.816406	21645.021645	0.000000	100.000000
245	83	18855800	19711.064638	19560.541016	12048.192771	0.000000	100.000000
246	81	18882400	19749.098498	19379.845703	37593.984962	0.000000	100.000000
247	83	18925300	19761.271096	19663.105469	23310.023310	0.000000	100.000000
248	84	19007600	19711.686893	19610.406250	12150.668287	0.000000	100.000000
249	82	19038100	19743.180705	19329.896484	32786.885246	0.000000	100.000000
250	84	19078100	19759.734228	19659.240234	25000.000000	0.000000	100.000000
251	85	19159300	19712.448568	19660.529297	12315.270936	0.000000	100.000000
252	83	19193800	19737.406676	19281.445312	28985.507246	0.000000	100.000000
253	85	19230600	19758.694993	19659.240234	27173.913043	0.000000	100.000000
254	86	19311100	19713.039983	19712.201172	12422.360248	0.000000	100.000000
255	84	19349500	19731.771235	19270.298828	26041.666667	0.000000	100.000000
256	86	19383100	19757.680125	19661.816406	29761.904762	0.000000	100.000000
257	87	19462900	19713.617678	19755.037109	12531.328321	0.000000	100.000000
258	85	19505300	19726.119210	19260.400391	23584.905660	0.000000	100.000000
259	87	19535600	19756.688779	19663.105469	33003.300330	0.000000	100.000000
260	88	19614600	19714.331035	19768.054688	12658.227848	0.000000	100.000000
261	86	19661100	19720.599747	19261.636719	21505.376344	0.000000	100.000000
262	88	19688200	19755.571747	19663.105469	36900.369004	0.000000	100.000000
263	89	19766300	19715.028228	19768.054688	12804.097311	0.000000	100.000000
264	87	19816900	19715.208237	19261.636719	19762.845850	0.000000	100.000000
265	89	19840900	19754.333328	19660.529297	41666.666667	0.000000	100.000000
266	90	19918100	19715.564220	19768.054688	12953.367876	0.000000	100.000000
267	88	19972700	19709.940282	19259.164062	18315.018315	0.000000	100.000000
268	90	19993500	19753.267734	19659.240234	48076.923077	0.000000	100.000000
269	91	20069800	19716.232301	19769.357422	13106.159895	0.000000	100.000000
270	89	20128600	19704.648407	19257.927734	17006.802721	0.000000	100.000000
271	91	20146000	19752.369195	19660.529297	57471.264368	0.000000	100.000000
272	92	20221500	19716.885743	19769.357422	13245.033113	0.000000	100.000000
273	90	20284500	19699.475160	19256.691406	15873.015873	0.000000	100.000000
274	92	20298600	19751.348478	19661.816406	70921.985816	0.000000	100.000000
275	93	20373100	19717.665886	19771.962891	13422.818792	0.000000	100.000000
276	91	20440300	19694.556624	19256.691406	14880.952381	0.000000	100.000000
277	93	20451200	19750.349894	19660.529297	91743.119266	0.000000	100.000000
278	94	20524700	19718.429310	19774.570312	13605.442177	0.000000	100.000000
279	92	20596100	19689.745862	19255.457031	14005.602241	0.000000	100.000000
280	94	20603800	19749.372729	19663.105469	129870.129870	0.000000	100.000000
281	95	20676400	19719.038662	19774.570312	13774.104683	0.000000	100.000000
282	93	20751900	19685.039370	19254.218750	13245.033113	0.000000	100.000000
283	95	20756500	19748.278979	19660.529297	217391.304348	0.000000	100.000000
284	96	20828200	19719.498779	19774.570312	13947.001395	0.000000	100.000000
285	94	20907700	19680.433795	19252.984375	12578.616352	0.000000	100.000000
286	96	20911000	19744.762822	19634.792969	303030.303030	0.000000	100.000000
287	97	20979900	19720.084358	19775.873047	14513.788099	0.000000	100.000000
288	97	21063600	19675.791968	19251.750000	11947.431302	0.000000	100.000000
289	95	21067000	19739.305040	19589.917969	294117.647059	0.000000	100.000000
290	98	21131700	19720.524254	19774.570312	15455.950541	0.000000	100.000000
291	98	21217200	19674.296071	19278.966797	11695.906433	0.000000	100.000000
292	96	21222700	19734.360688	19550.341797	181818.181818	0.000000	100.000000
293	99	21283400	19721.087477	19774.570312	16474.464580	0.000000	100.000000
294	99	21369800	19674.142841	19318.695312	11574.074074	0.000000	100.000000
295	97	21378500	19729.387456	19510.925781	114942.528736	0.000000	100.000000
296	98	21534200	19592.709137	18563.207031	6422.607579	0.000000	100.000000
297	99	21689800	19458.937072	17471.318359	6426.735219	0.000000	100.000000
