Beat	Tag	Timestamp	Global Rate	Window Rate	Instant Rate	Min Rate	Max Rate
0	-1	450650300	0.000000	0.000000	0.000000	0.000000	100.000000
1	0	451654300	1992.031873	996.015930	996.015936	0.000000	100.000000
2	0	451709400	2832.593712	1888.395752	18148.820327	0.000000	100.000000
3	0	451733300	3693.444137	2770.083008	41841.004184	0.000000	100.000000
4	1	452492300	2714.440825	2171.552734	1317.523057	0.000000	100.000000
5	1	452519300	3210.272873	2675.227295	37037.037037	0.000000	100.000000
6	1	452533100	3717.867007	3186.743164	72463.768116	0.000000	100.000000
7	2	453283900	3037.667072	2657.958740	1331.912627	0.000000	100.000000
8	2	453312500	3380.662610	3005.033447	34965.034965	0.000000	100.000000
9	2	453323700	3740.555098	3366.499756	89285.714286	0.000000	100.000000
10	3	454068800	3217.785578	2925.259521	1342.101731	0.000000	100.000000
11	3	454095600	3483.005834	3192.755371	37313.432836	0.000000	100.000000
12	3	454107900	3759.833410	3470.615234	81300.813008	0.000000	100.000000
13	4	454847300	3335.715988	3097.450439	1352.447931	0.000000	100.000000
14	4	454867200	3557.115417	3319.974121	50251.256281	0.000000	100.000000
15	4	454877900	3784.653231	3548.112305	93457.943925	0.000000	100.000000
16	5	455618200	3421.969041	3220.676758	1350.803728	0.000000	100.000000
17	5	455630500	3614.312678	3413.517578	81300.813008	0.000000	100.000000
18	5	455644500	3804.413119	3604.180664	71428.571429	0.000000	100.000000
19	6	456380300	3490.401396	3315.881348	1359.064963	0.000000	100.000000
20	6	456391900	3657.517068	3483.349609	86206.896552	0.000000	100.000000
21	6	456413500	3817.323709	3643.809082	46296.296296	0.000000	100.000000
22	7	457142500	3542.712794	3388.681885	1371.742112	0.000000	100.000000
23	7	457157200	3688.392322	3534.709473	68027.210884	0.000000	100.000000
24	7	457180300	3828.483920	3675.344482	43290.043290	0.000000	100.000000
25	8	457907400	3582.698323	3444.902344	1375.326640	0.000000	100.000000
26	8	457918900	3714.608040	3577.030029	86956.521739	0.000000	100.000000
27	8	457945500	3838.140147	3701.063721	37593.984962	0.000000	100.000000
28	9	458670700	3615.779762	3491.097900	1378.929950	0.000000	100.000000
29	9	458679800	3736.222679	3611.681885	109890.109890	0.000000	100.000000
30	9	458716300	3843.292834	3719.315674	27397.260274	0.000000	100.000000
31	10	459439600	3640.790507	3853.416016	1382.552191	0.000000	100.000000
32	10	459452200	3749.190516	3874.567383	79365.079365	0.000000	100.000000
33	10	459482400	3849.594094	3871.417480	33112.582781	0.000000	100.000000
34	11	460204700	3663.233693	3889.839844	1384.466288	0.000000	100.000000
35	11	460218700	3762.384516	3896.407471	71428.571429	0.000000	100.000000
36	11	460249700	3854.407567	3887.722656	32258.064516	0.000000	100.000000
37	12	460970600	3682.063506	3902.845215	1387.154945	0.000000	100.000000
38	12	460986600	3773.110301	3909.253174	62500.000000	0.000000	100.000000
39	12	461016000	3858.880732	3900.003906	34013.605442	0.000000	100.000000
40	13	461736800	3698.191494	3912.363037	1387.347392	0.000000	100.000000
41	13	461752300	3783.102144	3918.137207	64516.129032	0.000000	100.000000
42	13	461781100	3863.154490	3909.711914	34722.222222	0.000000	100.000000
43	14	462504600	3711.733295	3917.830078	1382.170007	0.000000	100.000000
44	14	462544000	3783.515643	3907.878418	25380.710660	0.000000	100.000000
45	14	462552900	3864.701830	3908.794922	112359.550562	0.000000	100.000000
46	15	463288500	3718.884018	3911.189941	1359.434475	0.000000	100.000000
47	15	463306000	3792.757414	3908.540039	57142.857143	0.000000	100.000000
48	15	463333000	3863.530636	3901.931641	37037.037037	0.000000	100.000000
49	16	464074900	3724.505758	3898.838135	1347.890551	0.000000	100.000000
50	16	464098600	3792.300886	3892.716797	42194.092827	0.000000	100.000000
51	16	464119200	3860.745866	3893.221924	48543.689320	0.000000	100.000000
52	17	464864500	3728.665700	3885.003906	1341.741581	0.000000	100.000000
53	17	464875100	3796.186941	3887.067871	94339.622642	0.000000	100.000000
54	17	464897900	3860.299278	3887.218994	43859.649123	0.000000	100.000000
55	18	465622800	3740.190349	3888.327148	1379.500621	0.000000	100.000000
56	18	465639300	3802.788712	3885.808838	60606.060606	0.000000	100.000000
57	18	465664300	3863.061143	3886.614502	40000.000000	0.000000	100.000000
58	19	466375200	3752.011142	3893.828125	1406.667604	0.000000	100.000000
59	19	466382400	3813.858290	3894.788818	138888.888889	0.000000	100.000000
60	19	466417700	3868.741834	3895.395752	28328.611898	0.000000	100.000000
61	20	467119600	3764.580158	3906.250000	1424.704374	0.000000	100.000000
62	20	467126000	3823.813252	3909.406006	156250.000000	0.000000	100.000000
63	20	467160300	3876.438522	3907.318359	29154.518950	0.000000	100.000000
64	21	467854100	3778.235041	3921.876221	1441.337561	0.000000	100.000000
65	21	467866300	3833.643123	3922.799316	81967.213115	0.000000	100.000000
66	21	467887700	3886.897096	3927.729736	46728.971963	0.000000	100.000000
67	22	468572700	3794.134714	3946.278076	1459.854015	0.000000	100.000000
68	22	468582700	3847.783900	3949.395264	100000.000000	0.000000	100.000000
69	22	468612500	3897.072742	3949.187012	33557.046980	0.000000	100.000000
70	23	469296600	3807.725930	3968.359131	1461.774594	0.000000	100.000000
71	23	469306400	3859.327512	3971.353271	102040.816327	0.000000	100.000000
72	23	469333000	3907.358144	3972.510254	37593.984962	0.000000	100.000000
73	24	470010500	3822.274563	3996.855713	1476.014760	0.000000	100.000000
74	24	470023000	3871.427318	4011.231445	80000.000000	0.000000	100.000000
75	24	470048300	3917.929683	4002.454834	39525.691700	0.000000	100.000000
76	25	470724400	3835.788404	4034.481445	1479.071143	0.000000	100.000000
77	25	470733900	3883.765859	4038.826416	105263.157895	0.000000	100.000000
78	25	470757000	3929.038579	4040.948242	43290.043290	0.000000	100.000000
79	26	471432500	3849.448085	4077.416748	1480.384900	0.000000	100.000000
80	26	471440000	3896.160118	4086.414062	133333.333333	0.000000	100.000000
81	26	471466200	3939.296403	4083.299316	38167.938931	0.000000	100.000000
82	27	472137900	3862.692902	4124.618164	1488.759863	0.000000	100.000000
83	27	472148500	3907.303867	4124.618164	94339.622642	0.000000	100.000000
84	27	472175800	3948.804906	4122.067871	36630.036630	0.000000	100.000000
85	28	472847100	3874.432351	4152.651367	1489.646954	0.000000	100.000000
86	28	472858500	3917.471925	4155.584961	87719.298246	0.000000	100.000000
87	28	472883700	3958.009121	4155.469727	39682.539683	0.000000	100.000000
88	29	473554000	3885.835040	4178.971680	1491.869312	0.000000	100.000000
89	29	473567300	3927.215604	4175.423340	75187.969925	0.000000	100.000000
90	29	473591500	3966.662598	4181.883789	41322.314050	0.000000	100.000000
91	30	474262400	3896.307402	4200.033691	1490.535102	0.000000	100.000000
92	30	474274800	3936.591251	4196.508789	80645.161290	0.000000	100.000000
93	30	474299600	3974.747667	4202.092773	40322.580645	0.000000	100.000000
94	31	474969500	3906.378499	4216.207031	1492.760113	0.000000	100.000000
95	31	474984200	3945.113607	4214.726562	68027.210884	0.000000	100.000000
96	31	475007900	3982.329950	4213.364746	42194.092827	0.000000	100.000000
