Beat	Tag	Timestamp	Global Rate	Window Rate	Instant Rate	Min Rate	Max Rate
0	-1	439057100	0.000000	0.000000	0.000000	0.000000	100.000000
1	0	440064300	1985.702939	992.851440	992.851469	0.000000	100.000000
2	0	440100700	2874.664622	1916.443115	27472.527473	0.000000	100.000000
3	0	440142500	3685.277317	2763.958008	23923.444976	0.000000	100.000000
4	1	440894900	2720.644249	2176.515381	1329.080276	0.000000	100.000000
5	1	440911300	3235.896883	2696.580811	60975.609756	0.000000	100.000000
6	1	440937500	3722.612210	3190.810547	38167.938931	0.000000	100.000000
7	2	441682400	3047.270788	2666.362061	1342.462075	0.000000	100.000000
8	2	441699200	3406.381288	3027.894531	59523.809524	0.000000	100.000000
9	2	441719700	3755.727484	3380.154785	48780.487805	0.000000	100.000000
10	3	442457900	3234.533051	2940.484619	1354.646437	0.000000	100.000000
11	3	442478100	3507.746273	3215.434082	49504.950495	0.000000	100.000000
12	3	442494800	3781.598162	3490.706055	59880.239521	0.000000	100.000000
13	4	443229400	3355.463413	3115.787354	1361.285053	0.000000	100.000000
14	4	443250300	3577.220261	3338.739014	47846.889952	0.000000	100.000000
15	4	443266400	3801.107072	3563.537842	62111.801242	0.000000	100.000000
16	5	443999900	3439.346120	3237.031738	1363.326517	0.000000	100.000000
17	5	444022700	3624.939584	3423.553955	43859.649123	0.000000	100.000000
18	5	444034000	3817.637485	3616.709229	88495.575221	0.000000	100.000000
19	6	444764300	3504.345388	3329.128174	1369.300288	0.000000	100.000000
20	6	444784100	3666.841278	3492.229736	50505.050505	0.000000	100.000000
21	6	444800500	3830.483686	3656.370605	60975.609756	0.000000	100.000000
22	7	445525900	3555.528073	3400.939697	1378.549766	0.000000	100.000000
23	7	445548900	3696.971564	3542.930908	43478.260870	0.000000	100.000000
24	7	445563100	3842.606824	3688.902344	70422.535211	0.000000	100.000000
25	8	446282100	3598.615917	3460.207520	1390.820584	0.000000	100.000000
26	8	446307700	3723.829752	3585.910400	39062.500000	0.000000	100.000000
27	8	446325100	3852.504128	3714.914551	57471.264368	0.000000	100.000000
28	9	447045400	3630.309327	3505.126221	1388.310426	0.000000	100.000000
29	9	447066900	3745.411870	3620.564697	46511.627907	0.000000	100.000000
30	9	447087700	3860.234603	3735.710938	48076.923077	0.000000	100.000000
31	10	447805900	3657.644477	3875.167969	1392.369813	0.000000	100.000000
32	10	447827500	3762.656207	3882.590576	46296.296296	0.000000	100.000000
33	10	447847300	3867.943847	3893.676514	50505.050505	0.000000	100.000000
34	11	448565300	3681.033213	3911.138916	1392.757660	0.000000	100.000000
35	11	448582000	3779.567240	3910.985840	59880.239521	0.000000	100.000000
36	11	448608000	3873.980463	3911.088135	38461.538462	0.000000	100.000000
37	12	449327600	3699.917239	3924.030762	1389.660923	0.000000	100.000000
38	12	449343600	3791.377048	3924.441406	62500.000000	0.000000	100.000000
39	12	449368700	3879.126421	3922.081299	39840.637450	0.000000	100.000000
40	13	450085900	3717.539533	3932.878906	1394.311210	0.000000	100.000000
41	13	450103700	3802.074847	3934.116699	56179.775281	0.000000	100.000000
42	13	450127500	3884.231825	3930.457275	42016.806723	0.000000	100.000000
43	14	450849900	3731.090157	3936.749512	1384.274640	0.000000	100.000000
44	14	450864300	3811.233823	3940.110352	69444.444444	0.000000	100.000000
45	14	450890300	3887.367745	3934.993896	38461.538462	0.000000	100.000000
46	15	451618400	3741.650944	3937.782959	1373.437715	0.000000	100.000000
47	15	451643700	3813.579521	3936.491455	39525.691700	0.000000	100.000000
48	15	451661800	3887.438813	3932.981934	55248.618785	0.000000	100.000000
49	16	452401800	3746.805848	3927.987061	1351.351351	0.000000	100.000000
50	16	452420000	3816.536830	3928.810059	54945.054945	0.000000	100.000000
51	16	452442600	3884.800717	3925.622559	44247.787611	0.000000	100.000000
52	17	453180200	3752.717180	3919.365723	1355.748373	0.000000	100.000000
53	17	453198700	3818.521242	3921.671143	54054.054054	0.000000	100.000000
54	17	453219600	3883.495146	3918.239258	47846.889952	0.000000	100.000000
55	18	453945700	3761.267010	3914.609375	1377.220768	0.000000	100.000000
56	18	453961400	3824.399670	3919.672852	63694.267516	0.000000	100.000000
57	18	453992400	3883.417139	3912.720215	32258.064516	0.000000	100.000000
58	19	454703600	3770.811364	3917.369629	1406.074241	0.000000	100.000000
59	19	454718200	3831.148514	3920.902344	68493.150685	0.000000	100.000000
60	19	454757800	3885.177094	3911.291992	25252.525253	0.000000	100.000000
61	20	455459900	3779.842466	3919.519287	1424.298533	0.000000	100.000000
62	20	455478600	3836.433943	3921.004639	53475.935829	0.000000	100.000000
63	20	455505900	3890.861339	3917.165039	36630.036630	0.000000	100.000000
64	21	456197000	3792.320842	3930.972168	1446.968601	0.000000	100.000000
65	21	456220300	3845.436748	3927.575439	42918.454936	0.000000	100.000000
66	21	456238800	3899.497721	3931.435791	54054.054054	0.000000	100.000000
67	22	456922700	3806.197385	3949.915039	1462.202076	0.000000	100.000000
68	22	456949900	3856.299741	3944.099121	36764.705882	0.000000	100.000000
69	22	456963600	3909.194985	3950.019287	72992.700730	0.000000	100.000000
70	23	457645800	3819.524765	3968.306396	1465.845793	0.000000	100.000000
71	23	457669600	3868.368032	3965.159424	42016.806723	0.000000	100.000000
72	23	457684000	3919.063290	3970.092041	69444.444444	0.000000	100.000000
73	24	458358500	3833.918783	3995.418457	1482.579689	0.000000	100.000000
74	24	458382200	3880.963100	3990.476074	42194.092827	0.000000	100.000000
75	24	458397200	3929.659102	3996.323486	66666.666667	0.000000	100.000000
76	25	459068300	3847.845207	4026.899658	1490.090896	0.000000	100.000000
77	25	459090100	3893.575600	4028.792480	45871.559633	0.000000	100.000000
78	25	459110400	3939.501229	4027.602539	49261.083744	0.000000	100.000000
79	26	459784700	3859.588182	4063.443848	1483.019428	0.000000	100.000000
80	26	459801100	3904.743540	4064.434814	60975.609756	0.000000	100.000000
81	26	459822600	3948.857480	4065.040771	46511.627907	0.000000	100.000000
82	27	460489700	3872.605284	4104.248047	1499.025633	0.000000	100.000000
83	27	460513600	3914.897583	4101.218262	41841.004184	0.000000	100.000000
84	27	460534700	3957.611651	4101.105957	47393.364929	0.000000	100.000000
85	28	461202900	3883.354857	4133.825684	1496.557917	0.000000	100.000000
86	28	461224500	3924.682191	4130.467773	46296.296296	0.000000	100.000000
87	28	461244000	3966.304441	4137.018066	51282.051282	0.000000	100.000000
88	29	461910500	3894.387706	4162.677246	1500.375094	0.000000	100.000000
89	29	461934600	3933.996285	4157.197266	41493.775934	0.000000	100.000000
90	29	461951400	3974.788484	4170.373535	59523.809524	0.000000	100.000000
91	30	462617900	3904.791009	4191.114746	1500.375094	0.000000	100.000000
92	30	462639500	3943.618970	4189.417480	46296.296296	0.000000	100.000000
93	30	462658800	3982.763953	4194.103027	51813.471503	0.000000	100.000000
94	31	463325800	3914.507164	4208.281738	1499.250375	0.000000	100.000000
95	31	463346800	3952.292536	4209.640137	47619.047619	0.000000	100.000000
96	31	463366900	3990.160347	4208.695312	49751.243781	0.000000	100.000000
