                                     | Core 0     | Core 1     | Core 2     | Core 3     | Core 4     | Core 5     | Core 6     | Core 7     | Core 8     | Core 9     | Core 10    | Core 11    | Core 12    | Core 13    | Core 14    | Core 15   
  Instructions                       |   99628916 |   87031545 |   87521366 |   85489672 |   87113148 |   87190684 |   87574035 |   88443211 |   87509479 |   87198739 |   87646244 |   25096056 |          0 |          0 |          0 |          0
  Cycles                             |  148527200 |  148527200 |  148527200 |  148527200 |  148527200 |  148527200 |  148527200 |  148527200 |  148527200 |  148527200 |  148527200 |  148527200 |  148527200 |  148527200 |  148527200 |  148527200
  IPC                                |       0.67 |       0.59 |       0.59 |       0.58 |       0.59 |       0.59 |       0.59 |       0.60 |       0.59 |       0.59 |       0.59 |       0.17 |       0.00 |       0.00 |       0.00 |       0.00
  Time (ns)                          |   37131800 |   37131800 |   37131800 |   37131800 |   37131800 |   37131800 |   37131800 |   37131800 |   37131800 |   37131800 |   37131800 |   37131800 |   37131800 |   37131800 |   37131800 |   37131800
  Idle time (ns)                     |   19984672 |   22287759 |   22260608 |   22161937 |   22244080 |   22219155 |   22076356 |   22155587 |   22230384 |   22152635 |   22208431 |   33099702 |   37131800 |   37131800 |   37131800 |   37131800
  Idle time (%)                      |      53.8% |      60.0% |      60.0% |      59.7% |      59.9% |      59.8% |      59.5% |      59.7% |      59.9% |      59.7% |      59.8% |      89.1% |     100.0% |     100.0% |     100.0% |     100.0%
Branch predictor stats               |            |            |            |            |            |            |            |            |            |            |            |            |            |            |            |           
  num correct                        |    5503645 |    7711316 |    7769385 |    7612337 |    7745990 |    7768612 |    7784148 |    7864572 |    7778581 |    7770876 |    7794911 |    1567263 |          0 |          0 |          0 |          0
  num incorrect                      |     128468 |     202987 |     203483 |     198891 |     203039 |     203055 |     201575 |     206096 |     203647 |     202553 |     203019 |       7972 |          0 |          0 |          0 |          0
  misprediction rate                 |      2.28% |      2.56% |      2.55% |      2.55% |      2.55% |      2.55% |      2.52% |      2.55% |      2.55% |      2.54% |      2.54% |      0.51% |      0.00% |      0.00% |      0.00% |      0.00%
  mpki                               |       1.29 |       2.33 |       2.32 |       2.33 |       2.33 |       2.33 |       2.30 |       2.33 |       2.33 |       2.32 |       2.32 |       0.32 |       0.00 |       0.00 |       0.00 |       0.00
TLB Summary                          |            |            |            |            |            |            |            |            |            |            |            |            |            |            |            |           
  I-TLB                              |            |            |            |            |            |            |            |            |            |            |            |            |            |            |            |           
    num accesses                     |   10967173 |    8511010 |    8558084 |    8367896 |    8526422 |    8532573 |    8556352 |    8651368 |    8565712 |    8530243 |    8574119 |    2800756 |          0 |          0 |          0 |          0
    num misses                       |        842 |         73 |         73 |         73 |         73 |         73 |         76 |         73 |         66 |         66 |         66 |         84 |          0 |          0 |          0 |          0
    miss rate                        |      0.01% |      0.00% |      0.00% |      0.00% |      0.00% |      0.00% |      0.00% |      0.00% |      0.00% |      0.00% |      0.00% |      0.00% |      0.00% |      0.00% |      0.00% |      0.00%
    mpki                             |       0.01 |       0.00 |       0.00 |       0.00 |       0.00 |       0.00 |       0.00 |       0.00 |       0.00 |       0.00 |       0.00 |       0.00 |       0.00 |       0.00 |       0.00 |       0.00
  D-TLB                              |            |            |            |            |            |            |            |            |            |            |            |            |            |            |            |           
    num accesses                     |   25490601 |   22870816 |   22985031 |   22345535 |   22882383 |   22882831 |   23078349 |   23241143 |   22945563 |   22885236 |   22987704 |    7855931 |          0 |          0 |          0 |          0
    num misses                       |      11844 |      81634 |      80058 |      75409 |      76690 |      77032 |      76282 |      80756 |      77403 |      77678 |      81883 |       2336 |          0 |          0 |          0 |          0
    miss rate                        |      0.05% |      0.36% |      0.35% |      0.34% |      0.34% |      0.34% |      0.33% |      0.35% |      0.34% |      0.34% |      0.36% |      0.03% |      0.00% |      0.00% |      0.00% |      0.00%
    mpki                             |       0.12 |       0.94 |       0.91 |       0.88 |       0.88 |       0.88 |       0.87 |       0.91 |       0.88 |       0.89 |       0.93 |       0.09 |       0.00 |       0.00 |       0.00 |       0.00
  L2 TLB                             |            |            |            |            |            |            |            |            |            |            |            |            |            |            |            |           
    num accesses                     |      12686 |      81707 |      80131 |      75482 |      76763 |      77105 |      76358 |      80829 |      77469 |      77744 |      81949 |       2420 |          0 |          0 |          0 |          0
    num misses                       |       3425 |       3031 |       1880 |       1832 |       2239 |       1674 |       1783 |       2272 |       2053 |       1616 |       2800 |        947 |          0 |          0 |          0 |          0
    miss rate                        |     27.00% |      3.71% |      2.35% |      2.43% |      2.92% |      2.17% |      2.34% |      2.81% |      2.65% |      2.08% |      3.42% |     39.13% |      0.00% |      0.00% |      0.00% |      0.00%
    mpki                             |       0.03 |       0.03 |       0.02 |       0.02 |       0.03 |       0.02 |       0.02 |       0.03 |       0.02 |       0.02 |       0.03 |       0.04 |       0.00 |       0.00 |       0.00 |       0.00
Cache Summary                        |            |            |            |            |            |            |            |            |            |            |            |            |            |            |            |           
  Cache L1-I                         |            |            |            |            |            |            |            |            |            |            |            |            |            |            |            |           
    num cache accesses               |   10967173 |    8511010 |    8558084 |    8367896 |    8526422 |    8532573 |    8556352 |    8651368 |    8565712 |    8530243 |    8574119 |    2800756 |          0 |          0 |          0 |          0
    num cache misses                 |      19802 |     248368 |     250828 |     242584 |     250121 |     248555 |     249222 |     254745 |     248060 |     249329 |     250187 |       4470 |          0 |          0 |          0 |          0
    miss rate                        |      0.18% |      2.92% |      2.93% |      2.90% |      2.93% |      2.91% |      2.91% |      2.94% |      2.90% |      2.92% |      2.92% |      0.16% |       inf% |       inf% |       inf% |       inf%
    mpki                             |       0.20 |       2.85 |       2.87 |       2.84 |       2.87 |       2.85 |       2.85 |       2.88 |       2.83 |       2.86 |       2.85 |       0.18 |        inf |        inf |        inf |        inf
  Cache L1-D                         |            |            |            |            |            |            |            |            |            |            |            |            |            |            |            |           
    num cache accesses               |   25490601 |   22870816 |   22985031 |   22345535 |   22882383 |   22882831 |   23078349 |   23241143 |   22945563 |   22885236 |   22987704 |    7855931 |          0 |          0 |          0 |          0
    num cache misses                 |     377456 |     503698 |     504779 |     485563 |     499932 |     500708 |     535618 |     509934 |     499779 |     501053 |     501559 |     139859 |          0 |          0 |          0 |          0
    miss rate                        |      1.48% |      2.20% |      2.20% |      2.17% |      2.18% |      2.19% |      2.32% |      2.19% |      2.18% |      2.19% |      2.18% |      1.78% |       inf% |       inf% |       inf% |       inf%
    mpki                             |       3.79 |       5.79 |       5.77 |       5.68 |       5.74 |       5.74 |       6.12 |       5.77 |       5.71 |       5.75 |       5.72 |       5.57 |        inf |        inf |        inf |        inf
  Cache L2                           |            |            |            |            |            |            |            |            |            |            |            |            |            |            |            |           
    num cache accesses               |     452332 |     755796 |     759267 |     732240 |     753064 |     752320 |     787766 |     768246 |     751003 |     754188 |     754630 |     145853 |          0 |          0 |          0 |          0
    num cache misses                 |     360748 |      36838 |      36269 |      48066 |      39209 |      39968 |      74366 |      37263 |      39033 |      40332 |      38318 |     123526 |          0 |          0 |          0 |          0
    miss rate                        |     79.75% |      4.87% |      4.78% |      6.56% |      5.21% |      5.31% |      9.44% |      4.85% |      5.20% |      5.35% |      5.08% |     84.69% |       inf% |       inf% |       inf% |       inf%
    mpki                             |       3.62 |       0.42 |       0.41 |       0.56 |       0.45 |       0.46 |       0.85 |       0.42 |       0.45 |       0.46 |       0.44 |       4.92 |        inf |        inf |        inf |        inf
DRAM summary                         |            |            |            |            |            |            |            |            |            |            |            |            |            |            |            |           
  num dram accesses                  |     265899 |          0 |          0 |          0 |     280290 |          0 |          0 |          0 |     272638 |          0 |          0 |          0 |     282203 |          0 |          0 |          0
  average dram access latency (ns)   |     258.26 |        inf |        inf |        inf |     251.95 |        inf |        inf |        inf |     252.27 |        inf |        inf |        inf |     246.80 |        inf |        inf |        inf
  average dram queueing delay        |     204.83 |       0.00 |       0.00 |       0.00 |     198.52 |       0.00 |       0.00 |       0.00 |     198.84 |       0.00 |       0.00 |       0.00 |     193.37 |       0.00 |       0.00 |       0.00
  average dram bandwidth utilization |      6.00% |      0.00% |      0.00% |      0.00% |      6.00% |      0.00% |      0.00% |      0.00% |      6.00% |      0.00% |      0.00% |      0.00% |      6.00% |      0.00% |      0.00% |      0.00%
Coherency Traffic                    |            |            |            |            |            |            |            |            |            |            |            |            |            |            |            |           
  num loads from dram                |     186682 |      16131 |      15542 |      22225 |      16871 |      17555 |      17744 |      14947 |      16749 |      17982 |      15934 |      49314 |          0 |          0 |          0 |          0
  num loads from dram cache          |          0 |          0 |          0 |          0 |          0 |          0 |          0 |          0 |          0 |          0 |          0 |          0 |          0 |          0 |          0 |          0
  num loads from remote cache        |       3835 |       8651 |       8720 |       8974 |       9824 |       9883 |       8693 |      10046 |       9564 |       9036 |      10006 |        208 |          0 |          0 |          0 |          0
