                                     | Core 0     | Core 1     | Core 2     | Core 3     | Core 4     | Core 5     | Core 6     | Core 7     | Core 8     | Core 9     | Core 10    | Core 11    | Core 12    | Core 13    | Core 14    | Core 15   
  Instructions                       |    2418184 |  377802780 |  377694703 |          0 |          0 |          0 |          0 |          0 |          0 |          0 |          0 |          0 |          0 |          0 |          0 |          0
  Cycles                             |  241140400 |  241140400 |  241140400 |  241140400 |  241140400 |  241140400 |  241140400 |  241140400 |  241140400 |  241140400 |  241140400 |  241140400 |  241140400 |  241140400 |  241140400 |  241140400
  IPC                                |       0.01 |       1.57 |       1.57 |       0.00 |       0.00 |       0.00 |       0.00 |       0.00 |       0.00 |       0.00 |       0.00 |       0.00 |       0.00 |       0.00 |       0.00 |       0.00
  Time (ns)                          |   60285100 |   60285100 |   60285100 |   60285100 |   60285100 |   60285100 |   60285100 |   60285100 |   60285100 |   60285100 |   60285100 |   60285100 |   60285100 |   60285100 |   60285100 |   60285100
  Idle time (ns)                     |   59400183 |     885430 |     927349 |   60285100 |   60285100 |   60285100 |   60285100 |   60285100 |   60285100 |   60285100 |   60285100 |   60285100 |   60285100 |   60285100 |   60285100 |   60285100
  Idle time (%)                      |      98.5% |       1.5% |       1.5% |     100.0% |     100.0% |     100.0% |     100.0% |     100.0% |     100.0% |     100.0% |     100.0% |     100.0% |     100.0% |     100.0% |     100.0% |     100.0%
Branch predictor stats               |            |            |            |            |            |            |            |            |            |            |            |            |            |            |            |           
  num correct                        |     334932 |   35805089 |   35791362 |          0 |          0 |          0 |          0 |          0 |          0 |          0 |          0 |          0 |          0 |          0 |          0 |          0
  num incorrect                      |      16666 |    1183293 |    1180827 |          0 |          0 |          0 |          0 |          0 |          0 |          0 |          0 |          0 |          0 |          0 |          0 |          0
  misprediction rate                 |      4.74% |      3.20% |      3.19% |      0.00% |      0.00% |      0.00% |      0.00% |      0.00% |      0.00% |      0.00% |      0.00% |      0.00% |      0.00% |      0.00% |      0.00% |      0.00%
  mpki                               |       6.89 |       3.13 |       3.13 |       0.00 |       0.00 |       0.00 |       0.00 |       0.00 |       0.00 |       0.00 |       0.00 |       0.00 |       0.00 |       0.00 |       0.00 |       0.00
TLB Summary                          |            |            |            |            |            |            |            |            |            |            |            |            |            |            |            |           
  I-TLB                              |            |            |            |            |            |            |            |            |            |            |            |            |            |            |            |           
    num accesses                     |     207139 |   53161789 |   53145693 |          0 |          0 |          0 |          0 |          0 |          0 |          0 |          0 |          0 |          0 |          0 |          0 |          0
    num misses                       |        191 |         71 |         47 |          0 |          0 |          0 |          0 |          0 |          0 |          0 |          0 |          0 |          0 |          0 |          0 |          0
    miss rate                        |      0.09% |      0.00% |      0.00% |      0.00% |      0.00% |      0.00% |      0.00% |      0.00% |      0.00% |      0.00% |      0.00% |      0.00% |      0.00% |      0.00% |      0.00% |      0.00%
    mpki                             |       0.08 |       0.00 |       0.00 |       0.00 |       0.00 |       0.00 |       0.00 |       0.00 |       0.00 |       0.00 |       0.00 |       0.00 |       0.00 |       0.00 |       0.00 |       0.00
  D-TLB                              |            |            |            |            |            |            |            |            |            |            |            |            |            |            |            |           
    num accesses                     |     820320 |  133717276 |  133675863 |          0 |          0 |          0 |          0 |          0 |          0 |          0 |          0 |          0 |          0 |          0 |          0 |          0
    num misses                       |       1971 |        213 |        941 |          0 |          0 |          0 |          0 |          0 |          0 |          0 |          0 |          0 |          0 |          0 |          0 |          0
    miss rate                        |      0.24% |      0.00% |      0.00% |      0.00% |      0.00% |      0.00% |      0.00% |      0.00% |      0.00% |      0.00% |      0.00% |      0.00% |      0.00% |      0.00% |      0.00% |      0.00%
    mpki                             |       0.82 |       0.00 |       0.00 |       0.00 |       0.00 |       0.00 |       0.00 |       0.00 |       0.00 |       0.00 |       0.00 |       0.00 |       0.00 |       0.00 |       0.00 |       0.00
  L2 TLB                             |            |            |            |            |            |            |            |            |            |            |            |            |            |            |            |           
    num accesses                     |       2162 |        284 |        988 |          0 |          0 |          0 |          0 |          0 |          0 |          0 |          0 |          0 |          0 |          0 |          0 |          0
    num misses                       |        495 |        194 |        165 |          0 |          0 |          0 |          0 |          0 |          0 |          0 |          0 |          0 |          0 |          0 |          0 |          0
    miss rate                        |     22.90% |     68.31% |     16.70% |      0.00% |      0.00% |      0.00% |      0.00% |      0.00% |      0.00% |      0.00% |      0.00% |      0.00% |      0.00% |      0.00% |      0.00% |      0.00%
    mpki                             |       0.20 |       0.00 |       0.00 |       0.00 |       0.00 |       0.00 |       0.00 |       0.00 |       0.00 |       0.00 |       0.00 |       0.00 |       0.00 |       0.00 |       0.00 |       0.00
Cache Summary                        |            |            |            |            |            |            |            |            |            |            |            |            |            |            |            |           
  Cache L1-I                         |            |            |            |            |            |            |            |            |            |            |            |            |            |            |            |           
    num cache accesses               |     207139 |   53161789 |   53145693 |          0 |          0 |          0 |          0 |          0 |          0 |          0 |          0 |          0 |          0 |          0 |          0 |          0
    num cache misses                 |       3007 |      99069 |      96853 |          0 |          0 |          0 |          0 |          0 |          0 |          0 |          0 |          0 |          0 |          0 |          0 |          0
    miss rate                        |      1.45% |      0.19% |      0.18% |       inf% |       inf% |       inf% |       inf% |       inf% |       inf% |       inf% |       inf% |       inf% |       inf% |       inf% |       inf% |       inf%
    mpki                             |       1.24 |       0.26 |       0.26 |        inf |        inf |        inf |        inf |        inf |        inf |        inf |        inf |        inf |        inf |        inf |        inf |        inf
  Cache L1-D                         |            |            |            |            |            |            |            |            |            |            |            |            |            |            |            |           
    num cache accesses               |     820320 |  133717276 |  133675863 |          0 |          0 |          0 |          0 |          0 |          0 |          0 |          0 |          0 |          0 |          0 |          0 |          0
    num cache misses                 |      17702 |    1568165 |    1568402 |          0 |          0 |          0 |          0 |          0 |          0 |          0 |          0 |          0 |          0 |          0 |          0 |          0
    miss rate                        |      2.16% |      1.17% |      1.17% |       inf% |       inf% |       inf% |       inf% |       inf% |       inf% |       inf% |       inf% |       inf% |       inf% |       inf% |       inf% |       inf%
    mpki                             |       7.32 |       4.15 |       4.15 |        inf |        inf |        inf |        inf |        inf |        inf |        inf |        inf |        inf |        inf |        inf |        inf |        inf
  Cache L2                           |            |            |            |            |            |            |            |            |            |            |            |            |            |            |            |           
    num cache accesses               |      21250 |    1667741 |    1665750 |          0 |          0 |          0 |          0 |          0 |          0 |          0 |          0 |          0 |          0 |          0 |          0 |          0
    num cache misses                 |      13822 |       4495 |       4302 |          0 |          0 |          0 |          0 |          0 |          0 |          0 |          0 |          0 |          0 |          0 |          0 |          0
    miss rate                        |     65.04% |      0.27% |      0.26% |       inf% |       inf% |       inf% |       inf% |       inf% |       inf% |       inf% |       inf% |       inf% |       inf% |       inf% |       inf% |       inf%
    mpki                             |       5.72 |       0.01 |       0.01 |        inf |        inf |        inf |        inf |        inf |        inf |        inf |        inf |        inf |        inf |        inf |        inf |        inf
DRAM summary                         |            |            |            |            |            |            |            |            |            |            |            |            |            |            |            |           
  num dram accesses                  |       5788 |          0 |          0 |          0 |       5716 |          0 |          0 |          0 |       5756 |          0 |          0 |          0 |       5784 |          0 |          0 |          0
  average dram access latency (ns)   |      59.82 |        inf |        inf |        inf |      62.14 |        inf |        inf |        inf |      59.75 |        inf |        inf |        inf |      61.74 |        inf |        inf |        inf
  average dram queueing delay        |       6.39 |       0.00 |       0.00 |       0.00 |       8.71 |       0.00 |       0.00 |       0.00 |       6.32 |       0.00 |       0.00 |       0.00 |       8.31 |       0.00 |       0.00 |       0.00
  average dram bandwidth utilization |      0.00% |      0.00% |      0.00% |      0.00% |      0.00% |      0.00% |      0.00% |      0.00% |      0.00% |      0.00% |      0.00% |      0.00% |      0.00% |      0.00% |      0.00% |      0.00%
Coherency Traffic                    |            |            |            |            |            |            |            |            |            |            |            |            |            |            |            |           
  num loads from dram                |       9578 |        771 |       1030 |          0 |          0 |          0 |          0 |          0 |          0 |          0 |          0 |          0 |          0 |          0 |          0 |          0
  num loads from dram cache          |          0 |          0 |          0 |          0 |          0 |          0 |          0 |          0 |          0 |          0 |          0 |          0 |          0 |          0 |          0 |          0
  num loads from remote cache        |         32 |        507 |        290 |          0 |          0 |          0 |          0 |          0 |          0 |          0 |          0 |          0 |          0 |          0 |          0 |          0
