                                     | Core 0     | Core 1     | Core 2     | Core 3     | Core 4     | Core 5     | Core 6     | Core 7     | Core 8     | Core 9     | Core 10    | Core 11    | Core 12    | Core 13    | Core 14    | Core 15   
  Instructions                       |  100927958 |  129112910 |  129956818 |  128791796 |  130641967 |  129541060 |  129046609 |  128579175 |  131162998 |   25096056 |          0 |          0 |          0 |          0 |          0 |          0
  Cycles                             |  170740200 |  170740200 |  170740200 |  170740200 |  170740200 |  170740200 |  170740200 |  170740200 |  170740200 |  170740200 |  170740200 |  170740200 |  170740200 |  170740200 |  170740200 |  170740200
  IPC                                |       0.59 |       0.76 |       0.76 |       0.75 |       0.77 |       0.76 |       0.76 |       0.75 |       0.77 |       0.15 |       0.00 |       0.00 |       0.00 |       0.00 |       0.00 |       0.00
  Time (ns)                          |   56913400 |   56913400 |   56913400 |   56913400 |   56913400 |   56913400 |   56913400 |   56913400 |   56913400 |   56913400 |   56913400 |   56913400 |   56913400 |   56913400 |   56913400 |   56913400
  Idle time (ns)                     |   36241093 |   26693905 |   26636004 |   26873058 |   26547700 |   26574323 |   26598641 |   26862850 |   26430772 |   52108037 |   56913400 |   56913400 |   56913400 |   56913400 |   56913400 |   56913400
  Idle time (%)                      |      63.7% |      46.9% |      46.8% |      47.2% |      46.6% |      46.7% |      46.7% |      47.2% |      46.4% |      91.6% |     100.0% |     100.0% |     100.0% |     100.0% |     100.0% |     100.0%
Branch predictor stats               |            |            |            |            |            |            |            |            |            |            |            |            |            |            |            |           
  num correct                        |    5590281 |   12049355 |   12245922 |   12046131 |   12200482 |   12116906 |   12005614 |   11955124 |   12227536 |    1567321 |          0 |          0 |          0 |          0 |          0 |          0
  num incorrect                      |     127716 |     303095 |     297501 |     302782 |     306228 |     300836 |     306324 |     302845 |     310556 |       7914 |          0 |          0 |          0 |          0 |          0 |          0
  misprediction rate                 |      2.23% |      2.45% |      2.37% |      2.45% |      2.45% |      2.42% |      2.49% |      2.47% |      2.48% |      0.50% |      0.00% |      0.00% |      0.00% |      0.00% |      0.00% |      0.00%
  mpki                               |       1.27 |       2.35 |       2.29 |       2.35 |       2.34 |       2.32 |       2.37 |       2.36 |       2.37 |       0.32 |       0.00 |       0.00 |       0.00 |       0.00 |       0.00 |       0.00
TLB Summary                          |            |            |            |            |            |            |            |            |            |            |            |            |            |            |            |           
  I-TLB                              |            |            |            |            |            |            |            |            |            |            |            |            |            |            |            |           
    num accesses                     |   11107741 |   12250058 |   12350919 |   12228695 |   12397300 |   12301074 |   12230424 |   12189680 |   12437365 |    2800756 |          0 |          0 |          0 |          0 |          0 |          0
    num misses                       |        745 |         82 |         82 |         82 |         82 |         82 |         85 |         82 |         75 |         90 |          0 |          0 |          0 |          0 |          0 |          0
    miss rate                        |      0.01% |      0.00% |      0.00% |      0.00% |      0.00% |      0.00% |      0.00% |      0.00% |      0.00% |      0.00% |      0.00% |      0.00% |      0.00% |      0.00% |      0.00% |      0.00%
    mpki                             |       0.01 |       0.00 |       0.00 |       0.00 |       0.00 |       0.00 |       0.00 |       0.00 |       0.00 |       0.00 |       0.00 |       0.00 |       0.00 |       0.00 |       0.00 |       0.00
  D-TLB                              |            |            |            |            |            |            |            |            |            |            |            |            |            |            |            |           
    num accesses                     |   25861995 |   33389041 |   33533156 |   33333341 |   33793427 |   33410621 |   33576404 |   33248977 |   33984837 |    7855931 |          0 |          0 |          0 |          0 |          0 |          0
    num misses                       |      11985 |     136299 |     136328 |     136595 |     138831 |     137049 |     140302 |     132783 |     145796 |       2384 |          0 |          0 |          0 |          0 |          0 |          0
    miss rate                        |      0.05% |      0.41% |      0.41% |      0.41% |      0.41% |      0.41% |      0.42% |      0.40% |      0.43% |      0.03% |      0.00% |      0.00% |      0.00% |      0.00% |      0.00% |      0.00%
    mpki                             |       0.12 |       1.06 |       1.05 |       1.06 |       1.06 |       1.06 |       1.09 |       1.03 |       1.11 |       0.09 |       0.00 |       0.00 |       0.00 |       0.00 |       0.00 |       0.00
  L2 TLB                             |            |            |            |            |            |            |            |            |            |            |            |            |            |            |            |           
    num accesses                     |      12730 |     136381 |     136410 |     136677 |     138913 |     137131 |     140387 |     132865 |     145871 |       2474 |          0 |          0 |          0 |          0 |          0 |          0
    num misses                       |       3427 |       8166 |       8122 |       7009 |       7189 |       7072 |       8091 |       6712 |      10277 |        966 |          0 |          0 |          0 |          0 |          0 |          0
    miss rate                        |     26.92% |      5.99% |      5.95% |      5.13% |      5.18% |      5.16% |      5.76% |      5.05% |      7.05% |     39.05% |      0.00% |      0.00% |      0.00% |      0.00% |      0.00% |      0.00%
    mpki                             |       0.03 |       0.06 |       0.06 |       0.05 |       0.06 |       0.05 |       0.06 |       0.05 |       0.08 |       0.04 |       0.00 |       0.00 |       0.00 |       0.00 |       0.00 |       0.00
Cache Summary                        |            |            |            |            |            |            |            |            |            |            |            |            |            |            |            |           
  Cache L1-I                         |            |            |            |            |            |            |            |            |            |            |            |            |            |            |            |           
    num cache accesses               |   11107741 |   12250058 |   12350919 |   12228695 |   12397300 |   12301074 |   12230424 |   12189680 |   12437365 |    2800756 |          0 |          0 |          0 |          0 |          0 |          0
    num cache misses                 |      19742 |     326646 |     326585 |     327455 |     331348 |     326188 |     329700 |     327105 |     334680 |       4920 |          0 |          0 |          0 |          0 |          0 |          0
    miss rate                        |      0.18% |      2.67% |      2.64% |      2.68% |      2.67% |      2.65% |      2.70% |      2.68% |      2.69% |      0.18% |       inf% |       inf% |       inf% |       inf% |       inf% |       inf%
    mpki                             |       0.20 |       2.53 |       2.51 |       2.54 |       2.54 |       2.52 |       2.55 |       2.54 |       2.55 |       0.20 |        inf |        inf |        inf |        inf |        inf |        inf
  Cache L1-D                         |            |            |            |            |            |            |            |            |            |            |            |            |            |            |            |           
    num cache accesses               |   25861995 |   33389041 |   33533156 |   33333341 |   33793427 |   33410621 |   33576404 |   33248977 |   33984837 |    7855931 |          0 |          0 |          0 |          0 |          0 |          0
    num cache misses                 |     376244 |     918056 |     916393 |     918445 |     930031 |     916783 |     963569 |     922751 |     938740 |     139880 |          0 |          0 |          0 |          0 |          0 |          0
    miss rate                        |      1.45% |      2.75% |      2.73% |      2.76% |      2.75% |      2.74% |      2.87% |      2.78% |      2.76% |      1.78% |       inf% |       inf% |       inf% |       inf% |       inf% |       inf%
    mpki                             |       3.73 |       7.11 |       7.05 |       7.13 |       7.12 |       7.08 |       7.47 |       7.18 |       7.16 |       5.57 |        inf |        inf |        inf |        inf |        inf |        inf
  Cache L2                           |            |            |            |            |            |            |            |            |            |            |            |            |            |            |            |           
    num cache accesses               |     450966 |    1249936 |    1247834 |    1249810 |    1265331 |    1247000 |    1298548 |    1254726 |    1277272 |     146297 |          0 |          0 |          0 |          0 |          0 |          0
    num cache misses                 |     360948 |      90054 |      91513 |      87713 |      88647 |      94391 |     121683 |      87725 |      87000 |     123455 |          0 |          0 |          0 |          0 |          0 |          0
    miss rate                        |     80.04% |      7.20% |      7.33% |      7.02% |      7.01% |      7.57% |      9.37% |      6.99% |      6.81% |     84.39% |       inf% |       inf% |       inf% |       inf% |       inf% |       inf%
    mpki                             |       3.58 |       0.70 |       0.70 |       0.68 |       0.68 |       0.73 |       0.94 |       0.68 |       0.66 |       4.92 |        inf |        inf |        inf |        inf |        inf |        inf
DRAM summary                         |            |            |            |            |            |            |            |            |            |            |            |            |            |            |            |           
  num dram accesses                  |     340684 |          0 |          0 |          0 |     371965 |          0 |          0 |          0 |     348960 |          0 |          0 |          0 |     383127 |          0 |          0 |          0
  average dram access latency (ns)   |     170.46 |        inf |        inf |        inf |     161.76 |        inf |        inf |        inf |     169.95 |        inf |        inf |        inf |     159.91 |        inf |        inf |        inf
  average dram queueing delay        |     117.04 |       0.00 |       0.00 |       0.00 |     108.33 |       0.00 |       0.00 |       0.00 |     116.52 |       0.00 |       0.00 |       0.00 |     106.48 |       0.00 |       0.00 |       0.00
  average dram bandwidth utilization |      5.00% |      0.00% |      0.00% |      0.00% |      5.00% |      0.00% |      0.00% |      0.00% |      5.00% |      0.00% |      0.00% |      0.00% |      5.00% |      0.00% |      0.00% |      0.00%
Coherency Traffic                    |            |            |            |            |            |            |            |            |            |            |            |            |            |            |            |           
  num loads from dram                |     186791 |      59506 |      59789 |      56032 |      56717 |      60897 |      57509 |      56875 |      55470 |      49270 |          0 |          0 |          0 |          0 |          0 |          0
  num loads from dram cache          |          0 |          0 |          0 |          0 |          0 |          0 |          0 |          0 |          0 |          0 |          0 |          0 |          0 |          0 |          0 |          0
  num loads from remote cache        |       2802 |       9684 |      10466 |      10774 |      10945 |      11479 |       9606 |       9747 |      10956 |        218 |          0 |          0 |          0 |          0 |          0 |          0
