                                     | Core 0     | Core 1     | Core 2     | Core 3     | Core 4     | Core 5     | Core 6     | Core 7     | Core 8     | Core 9     | Core 10    | Core 11    | Core 12    | Core 13    | Core 14    | Core 15   
  Instructions                       |    2485880 |  289066189 |  289055885 |  289064000 |  289055885 |  289055900 |  289055900 |  289055885 |  289055900 |  770675478 |          0 |          0 |          0 |          0 |          0 |          0
  Cycles                             |  571475200 |  571475200 |  571475200 |  571475200 |  571475200 |  571475200 |  571475200 |  571475200 |  571475200 |  571475200 |  571475200 |  571475200 |  571475200 |  571475200 |  571475200 |  571475200
  IPC                                |       0.00 |       0.51 |       0.51 |       0.51 |       0.51 |       0.51 |       0.51 |       0.51 |       0.51 |       1.35 |       0.00 |       0.00 |       0.00 |       0.00 |       0.00 |       0.00
  Time (ns)                          |  142868800 |  142868800 |  142868800 |  142868800 |  142868800 |  142868800 |  142868800 |  142868800 |  142868800 |  142868800 |  142868800 |  142868800 |  142868800 |  142868800 |  142868800 |  142868800
  Idle time (ns)                     |  141983491 |   89550973 |   89539420 |   89551858 |   89542519 |   89542920 |   89539304 |   89538398 |   89533428 |     882362 |  142868800 |  142868800 |  142868800 |  142868800 |  142868800 |  142868800
  Idle time (%)                      |      99.4% |      62.7% |      62.7% |      62.7% |      62.7% |      62.7% |      62.7% |      62.7% |      62.7% |       0.6% |     100.0% |     100.0% |     100.0% |     100.0% |     100.0% |     100.0%
Branch predictor stats               |            |            |            |            |            |            |            |            |            |            |            |            |            |            |            |           
  num correct                        |     345572 |   25988853 |   25990173 |   25988611 |   25990173 |   25990174 |   25990174 |   25990173 |   25990174 |   69276387 |          0 |          0 |          0 |          0 |          0 |          0
  num incorrect                      |      16780 |    2323657 |    2320944 |    2323627 |    2320944 |    2320945 |    2320945 |    2320944 |    2320945 |    6188210 |          0 |          0 |          0 |          0 |          0 |          0
  misprediction rate                 |      4.63% |      8.21% |      8.20% |      8.21% |      8.20% |      8.20% |      8.20% |      8.20% |      8.20% |      8.20% |      0.00% |      0.00% |      0.00% |      0.00% |      0.00% |      0.00%
  mpki                               |       6.75 |       8.04 |       8.03 |       8.04 |       8.03 |       8.03 |       8.03 |       8.03 |       8.03 |       8.03 |       0.00 |       0.00 |       0.00 |       0.00 |       0.00 |       0.00
TLB Summary                          |            |            |            |            |            |            |            |            |            |            |            |            |            |            |            |           
  I-TLB                              |            |            |            |            |            |            |            |            |            |            |            |            |            |            |            |           
    num accesses                     |     219109 |   38541557 |   38540193 |   38541238 |   38540193 |   38540199 |   38540199 |   38540193 |   38540199 |  102754806 |          0 |          0 |          0 |          0 |          0 |          0
    num misses                       |        184 |         45 |         45 |         45 |         45 |         45 |         45 |         45 |         45 |         45 |          0 |          0 |          0 |          0 |          0 |          0
    miss rate                        |      0.08% |      0.00% |      0.00% |      0.00% |      0.00% |      0.00% |      0.00% |      0.00% |      0.00% |      0.00% |      0.00% |      0.00% |      0.00% |      0.00% |      0.00% |      0.00%
    mpki                             |       0.07 |       0.00 |       0.00 |       0.00 |       0.00 |       0.00 |       0.00 |       0.00 |       0.00 |       0.00 |       0.00 |       0.00 |       0.00 |       0.00 |       0.00 |       0.00
  D-TLB                              |            |            |            |            |            |            |            |            |            |            |            |            |            |            |            |           
    num accesses                     |     843501 |   99262036 |   99258205 |   99261234 |   99258205 |   99258209 |   99258208 |   99258207 |   99258207 |  264625203 |          0 |          0 |          0 |          0 |          0 |          0
    num misses                       |       1498 |       1402 |         80 |        132 |         80 |         81 |         82 |         80 |       3847 |        116 |          0 |          0 |          0 |          0 |          0 |          0
    miss rate                        |      0.18% |      0.00% |      0.00% |      0.00% |      0.00% |      0.00% |      0.00% |      0.00% |      0.00% |      0.00% |      0.00% |      0.00% |      0.00% |      0.00% |      0.00% |      0.00%
    mpki                             |       0.60 |       0.00 |       0.00 |       0.00 |       0.00 |       0.00 |       0.00 |       0.00 |       0.01 |       0.00 |       0.00 |       0.00 |       0.00 |       0.00 |       0.00 |       0.00
  L2 TLB                             |            |            |            |            |            |            |            |            |            |            |            |            |            |            |            |           
    num accesses                     |       1682 |       1447 |        125 |        177 |        125 |        126 |        127 |        125 |       3892 |        161 |          0 |          0 |          0 |          0 |          0 |          0
    num misses                       |        495 |        138 |        124 |        136 |        123 |        124 |        123 |        123 |        125 |        150 |          0 |          0 |          0 |          0 |          0 |          0
    miss rate                        |     29.43% |      9.54% |     99.20% |     76.84% |     98.40% |     98.41% |     96.85% |     98.40% |      3.21% |     93.17% |      0.00% |      0.00% |      0.00% |      0.00% |      0.00% |      0.00%
    mpki                             |       0.20 |       0.00 |       0.00 |       0.00 |       0.00 |       0.00 |       0.00 |       0.00 |       0.00 |       0.00 |       0.00 |       0.00 |       0.00 |       0.00 |       0.00 |       0.00
Cache Summary                        |            |            |            |            |            |            |            |            |            |            |            |            |            |            |            |           
  Cache L1-I                         |            |            |            |            |            |            |            |            |            |            |            |            |            |            |            |           
    num cache accesses               |     219109 |   38541557 |   38540193 |   38541238 |   38540193 |   38540199 |   38540199 |   38540193 |   38540199 |  102754806 |          0 |          0 |          0 |          0 |          0 |          0
    num cache misses                 |       2547 |      47624 |      47565 |      47622 |      47565 |      47574 |      47567 |      47565 |      47567 |     116859 |          0 |          0 |          0 |          0 |          0 |          0
    miss rate                        |      1.16% |      0.12% |      0.12% |      0.12% |      0.12% |      0.12% |      0.12% |      0.12% |      0.12% |      0.11% |       inf% |       inf% |       inf% |       inf% |       inf% |       inf%
    mpki                             |       1.02 |       0.16 |       0.16 |       0.16 |       0.16 |       0.16 |       0.16 |       0.16 |       0.16 |       0.15 |        inf |        inf |        inf |        inf |        inf |        inf
  Cache L1-D                         |            |            |            |            |            |            |            |            |            |            |            |            |            |            |            |           
    num cache accesses               |     843501 |   99262036 |   99258205 |   99261234 |   99258205 |   99258209 |   99258208 |   99258207 |   99258207 |  264625203 |          0 |          0 |          0 |          0 |          0 |          0
    num cache misses                 |      17746 |    1364032 |    1363242 |    1364118 |    1361027 |    1365954 |    1361682 |    1361689 |    1363995 |    3616166 |          0 |          0 |          0 |          0 |          0 |          0
    miss rate                        |      2.10% |      1.37% |      1.37% |      1.37% |      1.37% |      1.38% |      1.37% |      1.37% |      1.37% |      1.37% |       inf% |       inf% |       inf% |       inf% |       inf% |       inf%
    mpki                             |       7.14 |       4.72 |       4.72 |       4.72 |       4.71 |       4.73 |       4.71 |       4.71 |       4.72 |       4.69 |        inf |        inf |        inf |        inf |        inf |        inf
  Cache L2                           |            |            |            |            |            |            |            |            |            |            |            |            |            |            |            |           
    num cache accesses               |      20960 |    1411874 |    1411013 |    1411952 |    1408798 |    1413734 |    1409455 |    1409459 |    1411768 |    3733553 |          0 |          0 |          0 |          0 |          0 |          0
    num cache misses                 |      13693 |       2399 |       2261 |       2375 |       2263 |       2267 |       2258 |       2256 |       2262 |       4065 |          0 |          0 |          0 |          0 |          0 |          0
    miss rate                        |     65.33% |      0.17% |      0.16% |      0.17% |      0.16% |      0.16% |      0.16% |      0.16% |      0.16% |      0.11% |       inf% |       inf% |       inf% |       inf% |       inf% |       inf%
    mpki                             |       5.51 |       0.01 |       0.01 |       0.01 |       0.01 |       0.01 |       0.01 |       0.01 |       0.01 |       0.01 |        inf |        inf |        inf |        inf |        inf |        inf
DRAM summary                         |            |            |            |            |            |            |            |            |            |            |            |            |            |            |            |           
  num dram accesses                  |       9049 |          0 |          0 |          0 |       8982 |          0 |          0 |          0 |       9044 |          0 |          0 |          0 |       9088 |          0 |          0 |          0
  average dram access latency (ns)   |      85.29 |        inf |        inf |        inf |      88.19 |        inf |        inf |        inf |      82.90 |        inf |        inf |        inf |      85.02 |        inf |        inf |        inf
  average dram queueing delay        |      31.86 |       0.00 |       0.00 |       0.00 |      34.76 |       0.00 |       0.00 |       0.00 |      29.47 |       0.00 |       0.00 |       0.00 |      31.59 |       0.00 |       0.00 |       0.00
  average dram bandwidth utilization |      0.00% |      0.00% |      0.00% |      0.00% |      0.00% |      0.00% |      0.00% |      0.00% |      0.00% |      0.00% |      0.00% |      0.00% |      0.00% |      0.00% |      0.00% |      0.00%
Coherency Traffic                    |            |            |            |            |            |            |            |            |            |            |            |            |            |            |            |           
  num loads from dram                |       9446 |        518 |        732 |        560 |        734 |        730 |        734 |        733 |        732 |       1148 |          0 |          0 |          0 |          0 |          0 |          0
  num loads from dram cache          |          0 |          0 |          0 |          0 |          0 |          0 |          0 |          0 |          0 |          0 |          0 |          0 |          0 |          0 |          0 |          0
  num loads from remote cache        |         68 |        354 |         40 |        292 |         39 |         37 |         34 |         34 |         38 |         79 |          0 |          0 |          0 |          0 |          0 |          0
