                                     | Core 0     | Core 1     | Core 2     | Core 3     | Core 4     | Core 5     | Core 6     | Core 7     | Core 8     | Core 9     | Core 10    | Core 11    | Core 12    | Core 13    | Core 14    | Core 15   
  Instructions                       |  100927690 |  130169978 |  130059936 |  129757980 |  129506884 |  129941955 |  128846806 |  128464685 |  130019390 |   25096093 |          0 |          0 |          0 |          0 |          0 |          0
  Cycles                             |  171127500 |  171127500 |  171127500 |  171127500 |  171127500 |  171127500 |  171127500 |  171127500 |  171127500 |  171127500 |  171127500 |  171127500 |  171127500 |  171127500 |  171127500 |  171127500
  IPC                                |       0.59 |       0.76 |       0.76 |       0.76 |       0.76 |       0.76 |       0.75 |       0.75 |       0.76 |       0.15 |       0.00 |       0.00 |       0.00 |       0.00 |       0.00 |       0.00
  Time (ns)                          |   57042500 |   57042500 |   57042500 |   57042500 |   57042500 |   57042500 |   57042500 |   57042500 |   57042500 |   57042500 |   57042500 |   57042500 |   57042500 |   57042500 |   57042500 |   57042500
  Idle time (ns)                     |   36392864 |   26657115 |   26645270 |   26756786 |   26478883 |   26641394 |   26731848 |   26746815 |   26608194 |   52235286 |   57042500 |   57042500 |   57042500 |   57042500 |   57042500 |   57042500
  Idle time (%)                      |      63.8% |      46.7% |      46.7% |      46.9% |      46.4% |      46.7% |      46.9% |      46.9% |      46.6% |      91.6% |     100.0% |     100.0% |     100.0% |     100.0% |     100.0% |     100.0%
Branch predictor stats               |            |            |            |            |            |            |            |            |            |            |            |            |            |            |            |           
  num correct                        |    5590471 |   12191592 |   12171780 |   12120666 |   12078400 |   12175834 |   11946555 |   12007659 |   12170008 |    1567236 |          0 |          0 |          0 |          0 |          0 |          0
  num incorrect                      |     127508 |     297488 |     299964 |     297820 |     297408 |     299600 |     298716 |     299154 |     301774 |       8002 |          0 |          0 |          0 |          0 |          0 |          0
  misprediction rate                 |      2.23% |      2.38% |      2.41% |      2.40% |      2.40% |      2.40% |      2.44% |      2.43% |      2.42% |      0.51% |      0.00% |      0.00% |      0.00% |      0.00% |      0.00% |      0.00%
  mpki                               |       1.26 |       2.29 |       2.31 |       2.30 |       2.30 |       2.31 |       2.32 |       2.33 |       2.32 |       0.32 |       0.00 |       0.00 |       0.00 |       0.00 |       0.00 |       0.00
TLB Summary                          |            |            |            |            |            |            |            |            |            |            |            |            |            |            |            |           
  I-TLB                              |            |            |            |            |            |            |            |            |            |            |            |            |            |            |            |           
    num accesses                     |   11107693 |   12353495 |   12356234 |   12311153 |   12292778 |   12347174 |   12205080 |   12196301 |   12348017 |    2800761 |          0 |          0 |          0 |          0 |          0 |          0
    num misses                       |        881 |         75 |         74 |         75 |         75 |         75 |         77 |         74 |         75 |        193 |          0 |          0 |          0 |          0 |          0 |          0
    miss rate                        |      0.01% |      0.00% |      0.00% |      0.00% |      0.00% |      0.00% |      0.00% |      0.00% |      0.00% |      0.01% |      0.00% |      0.00% |      0.00% |      0.00% |      0.00% |      0.00%
    mpki                             |       0.01 |       0.00 |       0.00 |       0.00 |       0.00 |       0.00 |       0.00 |       0.00 |       0.00 |       0.01 |       0.00 |       0.00 |       0.00 |       0.00 |       0.00 |       0.00
  D-TLB                              |            |            |            |            |            |            |            |            |            |            |            |            |            |            |            |           
    num accesses                     |   25861915 |   33695273 |   33648127 |   33559662 |   33429712 |   33559142 |   33456184 |   33232213 |   33644420 |    7855948 |          0 |          0 |          0 |          0 |          0 |          0
    num misses                       |      11565 |     133351 |     132776 |     137800 |     132409 |     137310 |     130666 |     135149 |     132430 |       2344 |          0 |          0 |          0 |          0 |          0 |          0
    miss rate                        |      0.04% |      0.40% |      0.39% |      0.41% |      0.40% |      0.41% |      0.39% |      0.41% |      0.39% |      0.03% |      0.00% |      0.00% |      0.00% |      0.00% |      0.00% |      0.00%
    mpki                             |       0.11 |       1.02 |       1.02 |       1.06 |       1.02 |       1.06 |       1.01 |       1.05 |       1.02 |       0.09 |       0.00 |       0.00 |       0.00 |       0.00 |       0.00 |       0.00
  L2 TLB                             |            |            |            |            |            |            |            |            |            |            |            |            |            |            |            |           
    num accesses                     |      12446 |     133426 |     132850 |     137875 |     132484 |     137385 |     130743 |     135223 |     132505 |       2537 |          0 |          0 |          0 |          0 |          0 |          0
    num misses                       |       3357 |       3929 |       3960 |       5269 |       4277 |       5442 |       4087 |       3885 |       3873 |        951 |          0 |          0 |          0 |          0 |          0 |          0
    miss rate                        |     26.97% |      2.94% |      2.98% |      3.82% |      3.23% |      3.96% |      3.13% |      2.87% |      2.92% |     37.49% |      0.00% |      0.00% |      0.00% |      0.00% |      0.00% |      0.00%
    mpki                             |       0.03 |       0.03 |       0.03 |       0.04 |       0.03 |       0.04 |       0.03 |       0.03 |       0.03 |       0.04 |       0.00 |       0.00 |       0.00 |       0.00 |       0.00 |       0.00
Cache Summary                        |            |            |            |            |            |            |            |            |            |            |            |            |            |            |            |           
  Cache L1-I                         |            |            |            |            |            |            |            |            |            |            |            |            |            |            |            |           
    num cache accesses               |   11107693 |   12353495 |   12356234 |   12311153 |   12292778 |   12347174 |   12205080 |   12196301 |   12348017 |    2800761 |          0 |          0 |          0 |          0 |          0 |          0
    num cache misses                 |      19627 |     332022 |     330625 |     329526 |     326804 |     327508 |     327816 |     327809 |     330413 |       4559 |          0 |          0 |          0 |          0 |          0 |          0
    miss rate                        |      0.18% |      2.69% |      2.68% |      2.68% |      2.66% |      2.65% |      2.69% |      2.69% |      2.68% |      0.16% |       inf% |       inf% |       inf% |       inf% |       inf% |       inf%
    mpki                             |       0.19 |       2.55 |       2.54 |       2.54 |       2.52 |       2.52 |       2.54 |       2.55 |       2.54 |       0.18 |        inf |        inf |        inf |        inf |        inf |        inf
  Cache L1-D                         |            |            |            |            |            |            |            |            |            |            |            |            |            |            |            |           
    num cache accesses               |   25861915 |   33695273 |   33648127 |   33559662 |   33429712 |   33559142 |   33456184 |   33232213 |   33644420 |    7855948 |          0 |          0 |          0 |          0 |          0 |          0
    num cache misses                 |     376244 |     930971 |     926253 |     926988 |     917179 |     919813 |     956765 |     922801 |     924735 |     139858 |          0 |          0 |          0 |          0 |          0 |          0
    miss rate                        |      1.45% |      2.76% |      2.75% |      2.76% |      2.74% |      2.74% |      2.86% |      2.78% |      2.75% |      1.78% |       inf% |       inf% |       inf% |       inf% |       inf% |       inf%
    mpki                             |       3.73 |       7.15 |       7.12 |       7.14 |       7.08 |       7.08 |       7.43 |       7.18 |       7.11 |       5.57 |        inf |        inf |        inf |        inf |        inf |        inf
  Cache L2                           |            |            |            |            |            |            |            |            |            |            |            |            |            |            |            |           
    num cache accesses               |     450818 |    1266651 |    1260750 |    1261358 |    1249079 |    1251268 |    1289752 |    1254476 |    1260231 |     145941 |          0 |          0 |          0 |          0 |          0 |          0
    num cache misses                 |     361209 |      91663 |      90959 |      91069 |     101197 |      93747 |     125895 |      94092 |      93649 |     123480 |          0 |          0 |          0 |          0 |          0 |          0
    miss rate                        |     80.12% |      7.24% |      7.21% |      7.22% |      8.10% |      7.49% |      9.76% |      7.50% |      7.43% |     84.61% |       inf% |       inf% |       inf% |       inf% |       inf% |       inf%
    mpki                             |       3.58 |       0.70 |       0.70 |       0.70 |       0.78 |       0.72 |       0.98 |       0.73 |       0.72 |       4.92 |        inf |        inf |        inf |        inf |        inf |        inf
DRAM summary                         |            |            |            |            |            |            |            |            |            |            |            |            |            |            |            |           
  num dram accesses                  |     360791 |          0 |          0 |          0 |     378572 |          0 |          0 |          0 |     364621 |          0 |          0 |          0 |     373627 |          0 |          0 |          0
  average dram access latency (ns)   |     154.33 |        inf |        inf |        inf |     150.29 |        inf |        inf |        inf |     151.81 |        inf |        inf |        inf |     152.12 |        inf |        inf |        inf
  average dram queueing delay        |     100.90 |       0.00 |       0.00 |       0.00 |      96.86 |       0.00 |       0.00 |       0.00 |      98.38 |       0.00 |       0.00 |       0.00 |      98.69 |       0.00 |       0.00 |       0.00
  average dram bandwidth utilization |      5.00% |      0.00% |      0.00% |      0.00% |      5.00% |      0.00% |      0.00% |      0.00% |      5.00% |      0.00% |      0.00% |      0.00% |      5.00% |      0.00% |      0.00% |      0.00%
Coherency Traffic                    |            |            |            |            |            |            |            |            |            |            |            |            |            |            |            |           
  num loads from dram                |     186826 |      59538 |      58345 |      59034 |      67410 |      60756 |      59559 |      62758 |      61326 |      49263 |          0 |          0 |          0 |          0 |          0 |          0
  num loads from dram cache          |          0 |          0 |          0 |          0 |          0 |          0 |          0 |          0 |          0 |          0 |          0 |          0 |          0 |          0 |          0 |          0
  num loads from remote cache        |       2912 |      11139 |      11403 |      10396 |       9882 |      11015 |      10318 |      10339 |       9730 |        223 |          0 |          0 |          0 |          0 |          0 |          0
