Beat	Tag	Timestamp	Global Rate	Window Rate	Instant Rate	Min Rate	Max Rate
0	-1	6463900	0.000000	0.000000	0.000000	0.000000	100.000000
1	0	6484100	99009.900990	49504.949219	49504.950495	0.000000	100.000000
2	0	6490400	113207.547170	75471.695312	158730.158730	0.000000	100.000000
3	0	6494800	129449.838188	97087.375000	227272.727273	0.000000	100.000000
4	1	6654100	26288.117771	21030.494141	6277.463905	0.000000	100.000000
5	1	6659200	30721.966206	25601.638672	196078.431373	0.000000	100.000000
6	1	6663000	35158.211954	30135.611328	263157.894737	0.000000	100.000000
7	2	6805900	23391.812865	20467.835938	6997.900630	0.000000	100.000000
8	2	6815100	25626.423690	22779.042969	108695.652174	0.000000	100.000000
9	2	6818800	28176.951254	25359.257812	270270.270270	0.000000	100.000000
10	3	6957900	22267.206478	20242.914062	7189.072610	0.000000	100.000000
11	3	6971700	23631.350926	21662.072266	72463.768116	0.000000	100.000000
12	3	6975300	25420.414548	23464.998047	277777.777778	0.000000	100.000000
13	4	7108900	21705.426357	20155.039062	7485.029940	0.000000	100.000000
14	4	7128200	22580.159566	21074.816406	51813.471503	0.000000	100.000000
15	4	7131800	23955.681988	22458.451172	277777.777778	0.000000	100.000000
16	5	7261100	21324.636227	20070.246094	7733.952049	0.000000	100.000000
17	5	7284600	21932.496649	20714.025391	42553.191489	0.000000	100.000000
18	5	7288100	23052.657122	21839.359375	285714.285714	0.000000	100.000000
19	6	7413300	21065.936381	20012.638672	7987.220447	0.000000	100.000000
20	6	7441000	21492.170709	20468.734375	36101.083032	0.000000	100.000000
21	6	7444600	22432.956052	21413.275391	277777.777778	0.000000	100.000000
22	7	7565200	20884.409334	19976.392578	8291.873964	0.000000	100.000000
23	7	7597400	21173.356859	20291.132812	31055.900621	0.000000	100.000000
24	7	7601100	21983.819909	21104.466797	270270.270270	0.000000	100.000000
25	8	7717100	20746.887967	19948.931641	8620.689655	0.000000	100.000000
26	8	7753900	20930.232558	20155.039062	27173.913043	0.000000	100.000000
27	8	7757500	21645.021645	20871.986328	277777.777778	0.000000	100.000000
28	9	7869000	20639.100420	19927.406250	8968.609865	0.000000	100.000000
29	9	7910400	20739.716557	20048.392578	24154.589372	0.000000	100.000000
30	9	7913900	21379.310345	20689.656250	285714.285714	0.000000	100.000000
31	10	8021200	20548.385025	19517.271484	9319.664492	0.000000	100.000000
32	10	8066800	20587.684821	19030.703125	21929.824561	0.000000	100.000000
33	10	8070300	21165.338645	19041.574219	285714.285714	0.000000	100.000000
34	11	8173100	20477.416335	19749.835938	9727.626459	0.000000	100.000000
35	11	8223300	20461.520973	19180.359375	19920.318725	0.000000	100.000000
36	11	8226900	20986.954056	19182.812500	277777.777778	0.000000	100.000000
37	12	8325000	20418.032346	19748.535156	10193.679918	0.000000	100.000000
38	12	8379900	20354.906054	19171.779297	18214.936248	0.000000	100.000000
39	12	8383300	20839.845785	19175.455078	294117.647059	0.000000	100.000000
40	13	8476900	20367.610532	19749.835938	10683.760684	0.000000	100.000000
41	13	8536500	20264.402200	19171.779297	16778.523490	0.000000	100.000000
42	13	8539900	20712.909441	19174.230469	294117.647059	0.000000	100.000000
43	14	8627700	20334.596543	19752.435547	11389.521640	0.000000	100.000000
44	14	8693100	20186.614032	19170.554688	15290.519878	0.000000	100.000000
45	14	8696600	20602.857527	19171.779297	285714.285714	0.000000	100.000000
46	15	8779800	20294.485945	19753.736328	12019.230769	0.000000	100.000000
47	15	8849700	20119.037639	19168.103516	14306.151645	0.000000	100.000000
48	15	8853400	20506.382088	19165.654297	270270.270270	0.000000	100.000000
49	16	8931900	20259.319287	19755.037109	12738.853503	0.000000	100.000000
50	16	9006400	20058.997050	19164.431641	13422.818792	0.000000	100.000000
51	16	9009800	20424.997054	19166.880859	294117.647059	0.000000	100.000000
52	17	9083900	20229.007634	19753.736328	13495.276653	0.000000	100.000000
53	17	9163000	20006.668890	19161.982422	12642.225032	0.000000	100.000000
54	17	9166500	20350.773329	19164.431641	285714.285714	0.000000	100.000000
55	18	9235800	20202.749017	19753.736328	14430.014430	0.000000	100.000000
56	18	9319500	19960.778821	19161.982422	11947.431302	0.000000	100.000000
57	18	9323000	20286.104019	19163.207031	285714.285714	0.000000	100.000000
58	19	9386500	20187.504277	19769.357422	15748.031496	0.000000	100.000000
59	19	9476100	19918.996083	19160.757812	11160.714286	0.000000	100.000000
60	19	9479700	20226.805491	19159.535156	277777.777778	0.000000	100.000000
61	20	9538700	20163.913100	19769.357422	16949.152542	0.000000	100.000000
62	20	9632700	19881.343095	19158.310547	10638.297872	0.000000	100.000000
63	20	9636200	20174.636699	19158.310547	285714.285714	0.000000	100.000000
64	21	9690800	20143.171465	19766.751953	18315.018315	0.000000	100.000000
65	21	9789400	19846.639603	19155.865234	10141.987830	0.000000	100.000000
66	21	9792800	20126.768602	19158.310547	294117.647059	0.000000	100.000000
67	22	9843000	20123.701577	19762.845703	19920.318725	0.000000	100.000000
68	22	9945900	19816.197588	19157.087891	9718.172983	0.000000	100.000000
69	22	9949300	20083.778046	19157.087891	294117.647059	0.000000	100.000000
70	23	9995000	20107.048795	19761.544922	21881.838074	0.000000	100.000000
71	23	10102500	19787.830484	19157.087891	9302.325581	0.000000	100.000000
72	23	10106000	20043.381566	19155.865234	285714.285714	0.000000	100.000000
73	24	10146900	20092.316047	19747.236328	24449.877751	0.000000	100.000000
74	24	10259000	19762.325103	19158.310547	8920.606601	0.000000	100.000000
75	24	10262700	20006.317785	19155.865234	270270.270270	0.000000	100.000000
76	25	10297700	20084.511451	19764.146484	28571.428571	0.000000	100.000000
77	25	10415800	19737.341532	19155.865234	8467.400508	0.000000	100.000000
78	25	10419300	19972.695555	19158.310547	285714.285714	0.000000	100.000000
79	26	10449700	20071.252948	19765.451172	32894.736842	0.000000	100.000000
80	26	10572500	19714.744682	19155.865234	8143.322476	0.000000	100.000000
81	26	10575900	19941.634241	19155.865234	294117.647059	0.000000	100.000000
82	27	10600700	20063.817443	19778.480469	40322.580645	0.000000	100.000000
83	27	10729100	19694.269905	19155.865234	7788.161994	0.000000	100.000000
84	27	10732500	19912.851989	19157.087891	294117.647059	0.000000	100.000000
85	28	10752600	20052.696621	19778.480469	49751.243781	0.000000	100.000000
86	28	10885500	19676.135336	19157.087891	7524.454477	0.000000	100.000000
87	28	10889000	19886.556236	19157.087891	285714.285714	0.000000	100.000000
88	29	10904600	20041.885288	19761.544922	64102.564103	0.000000	100.000000
89	29	11042200	19657.951641	19155.865234	7267.441860	0.000000	100.000000
90	29	11045600	19861.623415	19158.310547	294117.647059	0.000000	100.000000
91	30	11056800	20030.917285	19761.544922	89285.714286	0.000000	100.000000
92	30	11198700	19641.801132	19157.087891	7047.216350	0.000000	100.000000
93	30	11202300	19837.919973	19155.865234	277777.777778	0.000000	100.000000
94	31	11209000	20020.652884	19760.242188	149253.731343	0.000000	100.000000
95	31	11355400	19625.881631	19157.087891	6830.601093	0.000000	100.000000
96	31	11359100	19815.329302	19153.417969	270270.270270	0.000000	100.000000
97	32	11362700	20004.899159	19740.738281	277777.777778	0.000000	100.000000
98	32	11512100	19610.950438	19154.640625	6693.440428	0.000000	100.000000
99	32	11515700	19794.924581	19152.197266	277777.777778	0.000000	100.000000
100	33	11519300	19978.636705	19681.166016	277777.777778	0.000000	100.000000
101	33	11668800	19596.918289	19153.417969	6688.963211	0.000000	100.000000
102	34	11672400	19775.367188	19152.197266	277777.777778	0.000000	100.000000
103	33	11675800	19954.335271	19621.951172	294117.647059	0.000000	100.000000
104	34	11825400	19584.071622	19152.197266	6684.491979	0.000000	100.000000
105	35	11828900	19757.688723	19154.640625	285714.285714	0.000000	100.000000
106	34	11832400	19931.079445	19547.792969	285714.285714	0.000000	100.000000
107	35	11982100	19571.599435	19153.417969	6680.026720	0.000000	100.000000
108	36	11985600	19740.297372	19153.417969	285714.285714	0.000000	100.000000
109	35	11989100	19908.781583	19488.113281	285714.285714	0.000000	100.000000
110	36	12138700	19560.160711	19154.640625	6684.491979	0.000000	100.000000
111	37	12142200	19724.213233	19153.417969	285714.285714	0.000000	100.000000
112	36	12145600	19888.413679	19418.732422	294117.647059	0.000000	100.000000
113	37	12295300	19549.336351	19154.640625	6680.026720	0.000000	100.000000
114	38	12298900	19708.654670	19152.197266	277777.777778	0.000000	100.000000
115	37	12302300	19868.457112	19358.585938	294117.647059	0.000000	100.000000
116	38	12451900	19539.078156	19152.197266	6684.491979	0.000000	100.000000
117	39	12455400	19694.567304	19152.197266	285714.285714	0.000000	100.000000
118	38	12458800	19850.206008	19302.535156	294117.647059	0.000000	100.000000
119	40	12608600	19529.025013	19152.197266	6675.567423	0.000000	100.000000
120	39	12612000	19680.877019	19152.197266	294117.647059	0.000000	100.000000
121	39	12615700	19831.594005	19244.339844	270270.270270	0.000000	100.000000
122	41	12761800	19530.319630	19192.630859	6844.626968	0.000000	100.000000
123	40	12768600	19667.866830	19153.417969	147058.823529	0.000000	100.000000
124	40	12772200	19815.164149	19191.402344	277777.777778	0.000000	100.000000
125	42	12913900	19534.883721	19249.277344	7057.163020	0.000000	100.000000
126	41	12925200	19655.487286	19155.865234	88495.575221	0.000000	100.000000
127	41	12928700	19799.529761	19157.087891	285714.285714	0.000000	100.000000
128	43	13066300	19538.349691	19302.535156	7267.441860	0.000000	100.000000
129	42	13081800	19643.693619	19155.865234	64516.129032	0.000000	100.000000
130	42	13085300	19784.335639	19157.087891	285714.285714	0.000000	100.000000
131	44	13218400	19542.527204	19359.835938	7513.148009	0.000000	100.000000
132	43	13238400	19632.445199	19157.087891	50000.000000	0.000000	100.000000
133	43	13241800	19770.135293	19157.087891	294117.647059	0.000000	100.000000
134	45	13370500	19546.520719	19416.218750	7770.007770	0.000000	100.000000
135	44	13394900	19621.988169	19157.087891	40983.606557	0.000000	100.000000
136	44	13398500	19756.006114	19155.865234	277777.777778	0.000000	100.000000
137	46	13521900	19552.281099	19483.048828	8103.727715	0.000000	100.000000
138	45	13551500	19611.716237	19158.310547	33783.783784	0.000000	100.000000
139	45	13555100	19742.779783	19157.087891	277777.777778	0.000000	100.000000
140	47	13674300	19555.087096	19536.337891	8389.261745	0.000000	100.000000
141	46	13708200	19601.617824	19157.087891	29498.525074	0.000000	100.000000
142	46	13711800	19729.852785	19154.640625	277777.777778	0.000000	100.000000
143	48	13825400	19561.230727	19606.562500	8802.816901	0.000000	100.000000
144	47	13864900	19591.947034	19157.087891	25316.455696	0.000000	100.000000
145	47	13868500	19717.472922	19154.640625	277777.777778	0.000000	100.000000
146	49	13977900	19563.481501	19659.240234	9140.767824	0.000000	100.000000
147	48	14021500	19582.936382	19155.865234	22935.779817	0.000000	100.000000
148	48	14025000	19706.127415	19154.640625	285714.285714	0.000000	100.000000
149	50	14130100	19566.408390	19717.382812	9514.747859	0.000000	100.000000
150	49	14178100	19574.291566	19155.865234	20833.333333	0.000000	100.000000
151	49	14181600	19694.986848	19158.310547	285714.285714	0.000000	100.000000
152	51	14282200	19569.471624	19731.650391	9940.357853	0.000000	100.000000
153	50	14334400	19566.736548	19159.535156	19157.088123	0.000000	100.000000
154	50	14338000	19684.789373	19159.535156	277777.777778	0.000000	100.000000
155	52	14434300	19572.417946	19731.650391	10384.215992	0.000000	100.000000
156	51	14491200	19558.257446	19157.087891	17574.692443	0.000000	100.000000
157	51	14494700	19674.254122	19157.087891	285714.285714	0.000000	100.000000
158	53	14585300	19577.905287	19749.835938	11037.527594	0.000000	100.000000
159	52	14647700	19550.819913	19158.310547	16025.641026	0.000000	100.000000
160	52	14651500	19663.881968	19154.640625	263157.894737	0.000000	100.000000
161	54	14737600	19580.115305	19747.236328	11614.401858	0.000000	100.000000
162	53	14804500	19542.958540	19155.865234	14947.683109	0.000000	100.000000
163	53	14808000	19654.606249	19154.640625	285714.285714	0.000000	100.000000
164	55	14888700	19585.034660	19760.242188	12391.573730	0.000000	100.000000
165	54	14961100	19535.847103	19154.640625	13812.154696	0.000000	100.000000
166	54	14964700	19645.209863	19154.640625	277777.777778	0.000000	100.000000
167	56	15039800	19589.780664	19764.146484	13315.579228	0.000000	100.000000
168	55	15117800	19528.767377	19153.417969	12820.512821	0.000000	100.000000
169	55	15121400	19636.153624	19153.417969	277777.777778	0.000000	100.000000
170	57	15192000	19591.892852	19766.751953	14164.305949	0.000000	100.000000
171	56	15274400	19522.161058	19154.640625	12135.922330	0.000000	100.000000
172	56	15278100	19627.419391	19153.417969	270270.270270	0.000000	100.000000
173	58	15343000	19596.580735	19768.054688	15408.320493	0.000000	100.000000
174	57	15431200	19515.350217	19153.417969	11337.868481	0.000000	100.000000
175	57	15434800	19618.990291	19153.417969	277777.777778	0.000000	100.000000
176	59	15495200	19598.507413	19771.962891	16556.291391	0.000000	100.000000
177	58	15587800	19509.201109	19153.417969	10799.136069	0.000000	100.000000
178	58	15591400	19611.065462	19152.197266	277777.777778	0.000000	100.000000
179	60	15646500	19602.291290	19783.697266	18148.820327	0.000000	100.000000
180	59	15744500	19503.049372	19152.197266	10204.081633	0.000000	100.000000
181	59	15748100	19603.196829	19150.972656	277777.777778	0.000000	100.000000
182	61	15799000	19603.432207	19778.480469	19646.365422	0.000000	100.000000
183	60	15901000	19497.515126	19149.751953	9803.921569	0.000000	100.000000
184	60	15904600	19596.004534	19149.751953	277777.777778	0.000000	100.000000
185	62	15951300	19604.949723	19775.873047	21413.276231	0.000000	100.000000
186	61	16057800	19491.551924	19149.751953	9389.671362	0.000000	100.000000
187	61	16061400	19588.434488	19148.529297	277777.777778	0.000000	100.000000
188	63	16103400	19606.826080	19761.544922	23809.523810	0.000000	100.000000
189	62	16214500	19485.980350	19147.306641	9000.900090	0.000000	100.000000
190	62	16218100	19581.308565	19149.751953	277777.777778	0.000000	100.000000
191	64	16255900	19607.843137	19758.941406	26455.026455	0.000000	100.000000
192	63	16371200	19480.585023	19148.529297	8673.026886	0.000000	100.000000
193	63	16374800	19574.407975	19147.306641	277777.777778	0.000000	100.000000
194	65	16408100	19609.420567	19744.634766	30030.030030	0.000000	100.000000
195	64	16528000	19475.164197	19146.083984	8340.283570	0.000000	100.000000
196	64	16531500	19567.722198	19147.306641	285714.285714	0.000000	100.000000
197	66	16560200	19611.144677	19731.650391	34843.205575	0.000000	100.000000
198	65	16684600	19470.290685	19147.306641	8038.585209	0.000000	100.000000
199	65	16688300	19561.050037	19146.083984	270270.270270	0.000000	100.000000
200	67	16711300	19614.731542	19745.935547	43478.260870	0.000000	100.000000
201	66	16841300	19465.376684	19146.083984	7692.307692	0.000000	100.000000
202	66	16844800	19555.144544	19148.529297	285714.285714	0.000000	100.000000
203	68	16862600	19617.836845	19742.037109	56179.775281	0.000000	100.000000
204	67	16997900	19460.793621	19148.529297	7390.983001	0.000000	100.000000
205	67	17001500	19549.043425	19148.529297	277777.777778	0.000000	100.000000
206	69	17014800	19619.179406	19742.037109	75187.969925	0.000000	100.000000
207	68	17154700	19455.980843	19146.083984	7147.962831	0.000000	100.000000
208	68	17158200	19543.121102	19147.306641	285714.285714	0.000000	100.000000
209	70	17166900	19620.667103	19731.650391	114942.528736	0.000000	100.000000
210	69	17311300	19451.665837	19147.306641	6925.207756	0.000000	100.000000
211	69	17314800	19537.549881	19148.529297	285714.285714	0.000000	100.000000
212	71	17318000	19623.920915	19749.835938	312500.000000	0.000000	100.000000
213	70	17467600	19448.003853	19149.751953	6684.491979	0.000000	100.000000
214	70	17471100	19532.669525	19150.972656	285714.285714	0.000000	100.000000
215	72	17474700	19617.103208	19692.792969	277777.777778	0.000000	100.000000
216	71	17624200	19443.921758	19152.197266	6688.963211	0.000000	100.000000
217	71	17627600	19527.575983	19154.640625	294117.647059	0.000000	100.000000
218	73	17631200	19610.828043	19636.078125	277777.777778	0.000000	100.000000
219	72	17780800	19439.952637	19153.417969	6684.491979	0.000000	100.000000
220	72	17784200	19522.450818	19155.865234	294117.647059	0.000000	100.000000
221	74	17787800	19604.553202	19583.523438	277777.777778	0.000000	100.000000
222	73	17937200	19436.430669	19157.087891	6693.440428	0.000000	100.000000
223	73	17940800	19517.465518	19157.087891	277777.777778	0.000000	100.000000
224	75	17944300	19598.620257	19528.707031	285714.285714	0.000000	100.000000
225	74	18093800	19432.669240	19159.535156	6688.963211	0.000000	100.000000
226	76	18096400	19514.291855	19170.554688	384615.384615	0.000000	100.000000
227	74	18099800	19594.530720	19485.580078	294117.647059	0.000000	100.000000
228	77	18249800	19429.996861	19166.880859	6666.666667	0.000000	100.000000
229	75	18253100	19509.381468	19171.779297	303030.303030	0.000000	100.000000
230	75	18256700	19588.223323	19412.451172	277777.777778	0.000000	100.000000
231	78	18403200	19431.624970	19207.376953	6825.938567	0.000000	100.000000
232	76	18409600	19504.926459	19171.779297	156250.000000	0.000000	100.000000
233	76	18413000	19583.064833	19349.845703	294117.647059	0.000000	100.000000
234	79	18554400	19436.747860	19274.011719	7072.135785	0.000000	100.000000
235	77	18566100	19500.586670	19174.230469	85470.085470	0.000000	100.000000
236	77	18569700	19577.392655	19293.845703	277777.777778	0.000000	100.000000
237	80	18705700	19441.585388	19342.359375	7352.941176	0.000000	100.000000
238	78	18722800	19496.039612	19174.230469	58479.532164	0.000000	100.000000
239	78	18726400	19571.865443	19236.935547	277777.777778	0.000000	100.000000
240	81	18857800	19445.049581	19398.642578	7610.350076	0.000000	100.000000
241	79	18879400	19491.764327	19174.230469	46296.296296	0.000000	100.000000
242	79	18882800	19566.950374	19171.779297	294117.647059	0.000000	100.000000
243	82	19009100	19449.669993	19461.564453	7917.656374	0.000000	100.000000
244	80	19035900	19487.750557	19171.779297	37313.432836	0.000000	100.000000
245	80	19039200	19562.157563	19175.455078	303030.303030	0.000000	100.000000
246	83	19160100	19454.639971	19532.521484	8271.298594	0.000000	100.000000
247	81	19192300	19483.988561	19173.003906	31055.900621	0.000000	100.000000
248	81	19195900	19557.021678	19173.003906	277777.777778	0.000000	100.000000
249	84	19312200	19457.827106	19589.917969	8598.452279	0.000000	100.000000
250	82	19348900	19480.015522	19173.003906	27247.956403	0.000000	100.000000
251	82	19352500	19552.162376	19173.003906	277777.777778	0.000000	100.000000
252	85	19463400	19462.287011	19656.664062	9017.132552	0.000000	100.000000
253	83	19505700	19475.839225	19170.554688	23640.661939	0.000000	100.000000
254	83	19509200	19547.269898	19170.554688	285714.285714	0.000000	100.000000
255	86	19615800	19464.868194	19710.906250	9380.863039	0.000000	100.000000
256	84	19662200	19472.204754	19159.535156	21551.724138	0.000000	100.000000
257	84	19665800	19542.641589	19157.087891	277777.777778	0.000000	100.000000
258	87	19768200	19467.390242	19757.640625	9765.625000	0.000000	100.000000
259	85	19818900	19468.363909	19159.535156	19723.865878	0.000000	100.000000
260	85	19822400	19538.121795	19160.757812	285714.285714	0.000000	100.000000
261	88	19920500	19469.999851	19771.962891	10193.679918	0.000000	100.000000
262	86	19975500	19464.756209	19158.310547	18181.818182	0.000000	100.000000
263	86	19979000	19533.706743	19157.087891	285714.285714	0.000000	100.000000
264	89	20072900	19472.407965	19756.337891	10649.627263	0.000000	100.000000
265	87	20132000	19461.373563	19158.310547	16920.473773	0.000000	100.000000
266	87	20135600	19529.392833	19158.310547	277777.777778	0.000000	100.000000
267	90	20225200	19474.904260	19743.335938	11160.714286	0.000000	100.000000
268	88	20288600	19457.926754	19159.535156	15772.870662	0.000000	100.000000
269	88	20292100	19525.317829	19160.757812	285714.285714	0.000000	100.000000
270	91	20377500	19477.345906	19740.738281	11709.601874	0.000000	100.000000
271	89	20445100	19454.696306	19160.757812	14792.899408	0.000000	100.000000
272	89	20448600	19521.334029	19159.535156	285714.285714	0.000000	100.000000
273	92	20529700	19479.873168	19729.054688	12330.456227	0.000000	100.000000
274	90	20601700	19451.399793	19159.535156	13888.888889	0.000000	100.000000
275	90	20605200	19517.300390	19157.087891	285714.285714	0.000000	100.000000
276	93	20680900	19483.716677	19726.460938	13210.039630	0.000000	100.000000
277	91	20758200	19448.311565	19158.310547	12936.610608	0.000000	100.000000
278	91	20761700	19513.491586	19159.535156	285714.285714	0.000000	100.000000
279	94	20833100	19486.123097	19725.162109	14005.602241	0.000000	100.000000
280	92	20914800	19445.155665	19158.310547	12239.902081	0.000000	100.000000
281	92	20918300	19509.630286	19159.535156	285714.285714	0.000000	100.000000
282	95	20985700	19487.942266	19707.023438	14836.795252	0.000000	100.000000
283	93	21071300	19442.200528	19161.982422	11682.242991	0.000000	100.000000
284	93	21074800	19505.985258	19161.982422	285714.285714	0.000000	100.000000
285	96	21137900	19490.254873	19709.611328	15847.860539	0.000000	100.000000
286	94	21228000	19439.044710	19159.535156	11098.779134	0.000000	100.000000
287	94	21231600	19502.021303	19159.535156	277777.777778	0.000000	100.000000
288	97	21289100	19493.834822	19725.162109	17391.304348	0.000000	100.000000
289	95	21384600	19436.085438	19160.757812	10471.204188	0.000000	100.000000
290	95	21388200	19498.401935	19159.535156	277777.777778	0.000000	100.000000
291	98	21441400	19495.910532	19725.162109	18796.992481	0.000000	100.000000
292	96	21541200	19433.187640	19160.757812	10020.040080	0.000000	100.000000
293	96	21544700	19494.987003	19160.757812	285714.285714	0.000000	100.000000
294	99	21593600	19498.073326	19727.757812	20449.897751	0.000000	100.000000
295	97	21697800	19430.349418	19159.535156	9596.928983	0.000000	100.000000
296	97	21701400	19491.386382	19159.535156	277777.777778	0.000000	100.000000
297	98	21854500	19362.468000	18412.814453	6531.678641	0.000000	100.000000
298	98	21857800	19423.278052	19118.021484	303030.303030	0.000000	100.000000
299	99	22010900	19296.327266	17454.039062	6531.678641	0.000000	100.000000
300	99	22014200	19356.539745	18329.564453	303030.303030	0.000000	100.000000
