                                     | Core 0     | Core 1     | Core 2     | Core 3     | Core 4     | Core 5     | Core 6     | Core 7     | Core 8     | Core 9     | Core 10    | Core 11    | Core 12    | Core 13    | Core 14    | Core 15   
  Instructions                       |   99365740 |  106989890 |  109151469 |  108855075 |  108327782 |  107483879 |  106877117 |  107374259 |  108491154 |   25096093 |          0 |          0 |          0 |          0 |          0 |          0
  Cycles                             |  147783600 |  147783600 |  147783600 |  147783600 |  147783600 |  147783600 |  147783600 |  147783600 |  147783600 |  147783600 |  147783600 |  147783600 |  147783600 |  147783600 |  147783600 |  147783600
  IPC                                |       0.67 |       0.72 |       0.74 |       0.74 |       0.73 |       0.73 |       0.72 |       0.73 |       0.73 |       0.17 |       0.00 |       0.00 |       0.00 |       0.00 |       0.00 |       0.00
  Time (ns)                          |   49261200 |   49261200 |   49261200 |   49261200 |   49261200 |   49261200 |   49261200 |   49261200 |   49261200 |   49261200 |   49261200 |   49261200 |   49261200 |   49261200 |   49261200 |   49261200
  Idle time (ns)                     |   28746662 |   26617153 |   26309646 |   26410099 |   26368760 |   26512892 |   26534534 |   26634513 |   26391134 |   44452487 |   49261200 |   49261200 |   49261200 |   49261200 |   49261200 |   49261200
  Idle time (%)                      |      58.4% |      54.0% |      53.4% |      53.6% |      53.5% |      53.8% |      53.9% |      54.1% |      53.6% |      90.2% |     100.0% |     100.0% |     100.0% |     100.0% |     100.0% |     100.0%
Branch predictor stats               |            |            |            |            |            |            |            |            |            |            |            |            |            |            |            |           
  num correct                        |    5481106 |    9293566 |    9490421 |    9456858 |    9353333 |    9294914 |    9125973 |    9260364 |    9332134 |    1567297 |          0 |          0 |          0 |          0 |          0 |          0
  num incorrect                      |     127771 |     236439 |     238627 |     237222 |     241372 |     238606 |     238045 |     236444 |     236783 |       7941 |          0 |          0 |          0 |          0 |          0 |          0
  misprediction rate                 |      2.28% |      2.48% |      2.45% |      2.45% |      2.52% |      2.50% |      2.54% |      2.49% |      2.47% |      0.50% |      0.00% |      0.00% |      0.00% |      0.00% |      0.00% |      0.00%
  mpki                               |       1.29 |       2.21 |       2.19 |       2.18 |       2.23 |       2.22 |       2.23 |       2.20 |       2.18 |       0.32 |       0.00 |       0.00 |       0.00 |       0.00 |       0.00 |       0.00
TLB Summary                          |            |            |            |            |            |            |            |            |            |            |            |            |            |            |            |           
  I-TLB                              |            |            |            |            |            |            |            |            |            |            |            |            |            |            |            |           
    num accesses                     |   10936698 |   10058796 |   10261892 |   10230136 |   10166262 |   10096544 |   10008840 |   10076893 |   10178663 |    2800761 |          0 |          0 |          0 |          0 |          0 |          0
    num misses                       |        901 |         74 |         73 |         76 |         76 |         74 |         77 |         66 |         74 |        110 |          0 |          0 |          0 |          0 |          0 |          0
    miss rate                        |      0.01% |      0.00% |      0.00% |      0.00% |      0.00% |      0.00% |      0.00% |      0.00% |      0.00% |      0.00% |      0.00% |      0.00% |      0.00% |      0.00% |      0.00% |      0.00%
    mpki                             |       0.01 |       0.00 |       0.00 |       0.00 |       0.00 |       0.00 |       0.00 |       0.00 |       0.00 |       0.00 |       0.00 |       0.00 |       0.00 |       0.00 |       0.00 |       0.00
  D-TLB                              |            |            |            |            |            |            |            |            |            |            |            |            |            |            |            |           
    num accesses                     |   25391377 |   27150707 |   27644558 |   27537055 |   27553136 |   27285316 |   27254953 |   27226808 |   27512341 |    7855948 |          0 |          0 |          0 |          0 |          0 |          0
    num misses                       |      12458 |      55864 |      56402 |      55254 |      58158 |      55924 |      54847 |      56094 |      60531 |       2369 |          0 |          0 |          0 |          0 |          0 |          0
    miss rate                        |      0.05% |      0.21% |      0.20% |      0.20% |      0.21% |      0.20% |      0.20% |      0.21% |      0.22% |      0.03% |      0.00% |      0.00% |      0.00% |      0.00% |      0.00% |      0.00%
    mpki                             |       0.13 |       0.52 |       0.52 |       0.51 |       0.54 |       0.52 |       0.51 |       0.52 |       0.56 |       0.09 |       0.00 |       0.00 |       0.00 |       0.00 |       0.00 |       0.00
  L2 TLB                             |            |            |            |            |            |            |            |            |            |            |            |            |            |            |            |           
    num accesses                     |      13359 |      55938 |      56475 |      55330 |      58234 |      55998 |      54924 |      56160 |      60605 |       2479 |          0 |          0 |          0 |          0 |          0 |          0
    num misses                       |       3350 |        973 |        925 |        932 |        930 |        973 |       1174 |        871 |        991 |        947 |          0 |          0 |          0 |          0 |          0 |          0
    miss rate                        |     25.08% |      1.74% |      1.64% |      1.68% |      1.60% |      1.74% |      2.14% |      1.55% |      1.64% |     38.20% |      0.00% |      0.00% |      0.00% |      0.00% |      0.00% |      0.00%
    mpki                             |       0.03 |       0.01 |       0.01 |       0.01 |       0.01 |       0.01 |       0.01 |       0.01 |       0.01 |       0.04 |       0.00 |       0.00 |       0.00 |       0.00 |       0.00 |       0.00
Cache Summary                        |            |            |            |            |            |            |            |            |            |            |            |            |            |            |            |           
  Cache L1-I                         |            |            |            |            |            |            |            |            |            |            |            |            |            |            |            |           
    num cache accesses               |   10936698 |   10058796 |   10261892 |   10230136 |   10166262 |   10096544 |   10008840 |   10076893 |   10178663 |    2800761 |          0 |          0 |          0 |          0 |          0 |          0
    num cache misses                 |      19653 |     320006 |     321820 |     320047 |     325374 |     321309 |     320475 |     320395 |     324540 |       4470 |          0 |          0 |          0 |          0 |          0 |          0
    miss rate                        |      0.18% |      3.18% |      3.14% |      3.13% |      3.20% |      3.18% |      3.20% |      3.18% |      3.19% |      0.16% |       inf% |       inf% |       inf% |       inf% |       inf% |       inf%
    mpki                             |       0.20 |       2.99 |       2.95 |       2.94 |       3.00 |       2.99 |       3.00 |       2.98 |       2.99 |       0.18 |        inf |        inf |        inf |        inf |        inf |        inf
  Cache L1-D                         |            |            |            |            |            |            |            |            |            |            |            |            |            |            |            |           
    num cache accesses               |   25391377 |   27150707 |   27644558 |   27537055 |   27553136 |   27285316 |   27254953 |   27226808 |   27512341 |    7855948 |          0 |          0 |          0 |          0 |          0 |          0
    num cache misses                 |     376130 |     539519 |     546966 |     541193 |     549814 |     541861 |     579140 |     544048 |     547425 |     139861 |          0 |          0 |          0 |          0 |          0 |          0
    miss rate                        |      1.48% |      1.99% |      1.98% |      1.97% |      2.00% |      1.99% |      2.12% |      2.00% |      1.99% |      1.78% |       inf% |       inf% |       inf% |       inf% |       inf% |       inf%
    mpki                             |       3.79 |       5.04 |       5.01 |       4.97 |       5.08 |       5.04 |       5.42 |       5.07 |       5.05 |       5.57 |        inf |        inf |        inf |        inf |        inf |        inf
  Cache L2                           |            |            |            |            |            |            |            |            |            |            |            |            |            |            |            |           
    num cache accesses               |     450661 |     864059 |     872384 |     864874 |     878800 |     868042 |     904769 |     869097 |     875640 |     145865 |          0 |          0 |          0 |          0 |          0 |          0
    num cache misses                 |     360549 |      36952 |      37769 |      38416 |      37847 |      36816 |      71360 |      35937 |      39469 |     123571 |          0 |          0 |          0 |          0 |          0 |          0
    miss rate                        |     80.00% |      4.28% |      4.33% |      4.44% |      4.31% |      4.24% |      7.89% |      4.13% |      4.51% |     84.72% |       inf% |       inf% |       inf% |       inf% |       inf% |       inf%
    mpki                             |       3.63 |       0.35 |       0.35 |       0.35 |       0.35 |       0.34 |       0.67 |       0.33 |       0.36 |       4.92 |        inf |        inf |        inf |        inf |        inf |        inf
DRAM summary                         |            |            |            |            |            |            |            |            |            |            |            |            |            |            |            |           
  num dram accesses                  |     249807 |          0 |          0 |          0 |     254191 |          0 |          0 |          0 |     252515 |          0 |          0 |          0 |     251623 |          0 |          0 |          0
  average dram access latency (ns)   |     225.91 |        inf |        inf |        inf |     223.17 |        inf |        inf |        inf |     223.72 |        inf |        inf |        inf |     222.00 |        inf |        inf |        inf
  average dram queueing delay        |     172.48 |       0.00 |       0.00 |       0.00 |     169.74 |       0.00 |       0.00 |       0.00 |     170.29 |       0.00 |       0.00 |       0.00 |     168.57 |       0.00 |       0.00 |       0.00
  average dram bandwidth utilization |      4.00% |      0.00% |      0.00% |      0.00% |      4.00% |      0.00% |      0.00% |      0.00% |      4.00% |      0.00% |      0.00% |      0.00% |      4.00% |      0.00% |      0.00% |      0.00%
Coherency Traffic                    |            |            |            |            |            |            |            |            |            |            |            |            |            |            |            |           
  num loads from dram                |     186180 |      12678 |      12596 |      13404 |      13147 |      12891 |      12681 |      12308 |      13314 |      49368 |          0 |          0 |          0 |          0 |          0 |          0
  num loads from dram cache          |          0 |          0 |          0 |          0 |          0 |          0 |          0 |          0 |          0 |          0 |          0 |          0 |          0 |          0 |          0 |          0
  num loads from remote cache        |       3626 |      10705 |      11828 |      11602 |      11158 |      10513 |      10847 |      10373 |      11618 |        215 |          0 |          0 |          0 |          0 |          0 |          0
